{"block_number": 2, "miner_hash": "0xb8674003D5D1bDE8ba7d15bb5542F73958933637", "block_hash": "0x162f065a564b02f1e17ba94b55b01a190d19b1658d9a85d94b345deb67f0b01e", "block_time": 1703696591, "block_parent": "0xb5a23fbfd01b4474c79b6ea408e5f94a0832e079d593e9a96c8d6c3e6f76ad7a"}
{"block_number": 2, "miner_hash": "0xb8674003D5D1bDE8ba7d15bb5542F73958933637", "block_hash": "0x162f065a564b02f1e17ba94b55b01a190d19b1658d9a85d94b345deb67f0b01e", "block_time": 1703696591, "block_parent": "0xb5a23fbfd01b4474c79b6ea408e5f94a0832e079d593e9a96c8d6c3e6f76ad7a"}
{"block_number": 3, "miner_hash": "0x333f187bA12eB20beA5840BD2caD07D921A03f07", "block_hash": "0x1ee8543fabf9a0af4560d21831f33ff65377d4c24f16599e058f6fb301741319", "block_time": 1703696692, "block_parent": "0x162f065a564b02f1e17ba94b55b01a190d19b1658d9a85d94b345deb67f0b01e"}
{"block_number": 4, "miner_hash": "0x333f187bA12eB20beA5840BD2caD07D921A03f07", "block_hash": "0x2ffde4e9c1adf09a4eb0bb62254cb0e07ff26e21bf602b8028a2001e44cc2168", "block_time": 1703696694, "block_parent": "0x1ee8543fabf9a0af4560d21831f33ff65377d4c24f16599e058f6fb301741319"}
{"block_number": 6, "miner_hash": "0xe85979d35212ad38075919c52d9B91e371Ca23eC", "block_hash": "0xc247e2818557054db93c73cfb93f8b25babc5a9dcfa83dd4a7a7c3f5ecec0d97", "block_time": 1703696705, "block_parent": "0x879abbfd0fd204b21901a699e870f2df7c36b3fd02bf58ba6f18a6d47b080430"}
{"block_number": 6, "miner_hash": "0xe85979d35212ad38075919c52d9B91e371Ca23eC", "block_hash": "0xc247e2818557054db93c73cfb93f8b25babc5a9dcfa83dd4a7a7c3f5ecec0d97", "block_time": 1703696705, "block_parent": "0x879abbfd0fd204b21901a699e870f2df7c36b3fd02bf58ba6f18a6d47b080430"}
{"block_number": 1, "miner_hash": "0x333f187bA12eB20beA5840BD2caD07D921A03f07", "block_hash": "0xb11f507bc14b3fb3028ceb74405aeae52a87145ea9060574590104d24d16cf7a", "block_time": 1703696708, "block_parent": "0x07ac5dd0bb356483216cf855deeb696dbc685b1f72f66bb4d7a592cda5af81c4"}
{"block_number": 2, "miner_hash": "0x3fF96a3597a91C582b6dAdd7D39984282275687C", "block_hash": "0xbe67079bf85186b062e65ede195073bc6e986b33f8ede3940cd25d59ec9af3eb", "block_time": 1703696675, "block_parent": "0x5b34b9655e5b3d0b8861cffaab8bef703445f32cd97fd82b38e8ceccab1f4a09"}
{"block_number": 11, "miner_hash": "0x3fF96a3597a91C582b6dAdd7D39984282275687C", "block_hash": "0xfe2b4df46fc11a4b58a9ff391ec075c71a3df48d2017d7da6031e27a59d992c9", "block_time": 1703696696, "block_parent": "0x1e1b0cd95e94af4ce111d2a5ae3d12fc7ca7edd51de61a87f2de1d55cc7ac625"}
{"block_number": 15, "miner_hash": "0xe85979d35212ad38075919c52d9B91e371Ca23eC", "block_hash": "0x39159626a8832c874a49cae0638960d9c39833bbe12edf622cafd591535d58f3", "block_time": 1703696709, "block_parent": "0x11b01fc447abe47872f81f8c01e0812bf61b193210d526fbe7ac29ce358c7110"}
{"block_number": 16, "miner_hash": "0xe85979d35212ad38075919c52d9B91e371Ca23eC", "block_hash": "0xf2f894cd4dd77d5bafa9c658bc21d99aa7c9334cb00c319e57ac714b3dca1d7d", "block_time": 1703696710, "block_parent": "0x39159626a8832c874a49cae0638960d9c39833bbe12edf622cafd591535d58f3"}
{"block_number": 19, "miner_hash": "0xF2B8874A4859cc5B9D4e018b5D5595b9Ed2FcBF2", "block_hash": "0x0d3a88c88dbda34eb711adb0c9a6265e42aaeb167c3d7c43c7d1b7a26233dcaa", "block_time": 1703696723, "block_parent": "0x0e54d2ad9b5654062c0b4a71d5c9371ec6eccb7b802a64db923e1a7da9814dd1"}
{"block_number": 23, "miner_hash": "0xe85979d35212ad38075919c52d9B91e371Ca23eC", "block_hash": "0xb4db05f4bb03a3f470c9ccc077d5754a8b6e8695a17af6b40873b06d5bd0f6ec", "block_time": 1703696728, "block_parent": "0xc2f9d80a51e7928c22aea1ad2814c6c5305a935f0fe5c640e575e65cc1a5f0cc"}
{"block_number": 25, "miner_hash": "0xF2B8874A4859cc5B9D4e018b5D5595b9Ed2FcBF2", "block_hash": "0x804c23e5e26624b80548a04840885eb62548499aa1c5bbc47ad49865f463d2bc", "block_time": 1703696733, "block_parent": "0x025c4cf70792d10039319d58058a45200a0b4711bd73d7b105a7c469bb43cb32"}
{"block_number": 25, "miner_hash": "0xF2B8874A4859cc5B9D4e018b5D5595b9Ed2FcBF2", "block_hash": "0x804c23e5e26624b80548a04840885eb62548499aa1c5bbc47ad49865f463d2bc", "block_time": 1703696733, "block_parent": "0x025c4cf70792d10039319d58058a45200a0b4711bd73d7b105a7c469bb43cb32"}
{"block_number": 26, "miner_hash": "0xe85979d35212ad38075919c52d9B91e371Ca23eC", "block_hash": "0x82cde89e54aec7b3688cc6554fa3a23f1d83f97f6aed9ffab5f79904e2364a5d", "block_time": 1703696734, "block_parent": "0x804c23e5e26624b80548a04840885eb62548499aa1c5bbc47ad49865f463d2bc"}
{"block_number": 27, "miner_hash": "0x333f187bA12eB20beA5840BD2caD07D921A03f07", "block_hash": "0xd6b0528a4ec3a81868173490c05c347fbebb4d245387c1adc2d315ea56ad79a8", "block_time": 1703696735, "block_parent": "0x82cde89e54aec7b3688cc6554fa3a23f1d83f97f6aed9ffab5f79904e2364a5d"}
{"block_number": 28, "miner_hash": "0x333f187bA12eB20beA5840BD2caD07D921A03f07", "block_hash": "0xd0bf75b906070ba4c48e740cdc9a99707fb3a541a883fc37f4a869987f63e77e", "block_time": 1703696736, "block_parent": "0xd6b0528a4ec3a81868173490c05c347fbebb4d245387c1adc2d315ea56ad79a8"}
{"block_number": 29, "miner_hash": "0x333f187bA12eB20beA5840BD2caD07D921A03f07", "block_hash": "0x6bd1576cbbbddd9ff06e9722be5dc93edb0b9deed840f91dc026b526c77de1e2", "block_time": 1703696737, "block_parent": "0xd0bf75b906070ba4c48e740cdc9a99707fb3a541a883fc37f4a869987f63e77e"}
{"block_number": 30, "miner_hash": "0xe85979d35212ad38075919c52d9B91e371Ca23eC", "block_hash": "0x3c8e90c34b267b61408e36cc0a94ca34505383b624cf03a15d80d38c64c6ab04", "block_time": 1703696738, "block_parent": "0x6bd1576cbbbddd9ff06e9722be5dc93edb0b9deed840f91dc026b526c77de1e2"}
{"block_number": 31, "miner_hash": "0xe85979d35212ad38075919c52d9B91e371Ca23eC", "block_hash": "0x6cf25324e00ece16542deeda45dfb84e9f679811fe2fcc0caed907c3b602c047", "block_time": 1703696739, "block_parent": "0x3c8e90c34b267b61408e36cc0a94ca34505383b624cf03a15d80d38c64c6ab04"}
{"block_number": 32, "miner_hash": "0xbE3243C54e4073CcAb10d51A08D8aBD6d450b623", "block_hash": "0x3b68ea8208362f691995b7fdf8938293318b78117e56cd90bfd89ccd89ae8d50", "block_time": 1703696740, "block_parent": "0x6cf25324e00ece16542deeda45dfb84e9f679811fe2fcc0caed907c3b602c047"}
{"block_number": 33, "miner_hash": "0xe85979d35212ad38075919c52d9B91e371Ca23eC", "block_hash": "0xc0ad39e52b8077f2c793d2214c0fa8a5586f35aadf3debed8b104e77ef32719a", "block_time": 1703696741, "block_parent": "0x3b68ea8208362f691995b7fdf8938293318b78117e56cd90bfd89ccd89ae8d50"}
{"block_number": 34, "miner_hash": "0xbE3243C54e4073CcAb10d51A08D8aBD6d450b623", "block_hash": "0x1e362285906cdfe59a08a20fd8d6d348b77e36c9a84bf84bb59599b332a9eb9a", "block_time": 1703696745, "block_parent": "0xc0ad39e52b8077f2c793d2214c0fa8a5586f35aadf3debed8b104e77ef32719a"}
{"block_number": 35, "miner_hash": "0xbE3243C54e4073CcAb10d51A08D8aBD6d450b623", "block_hash": "0x2a1469002911e36efd9d7329668c3eb2fa6e9f2fe0d634cae3b18b711281c6cc", "block_time": 1703696746, "block_parent": "0x1e362285906cdfe59a08a20fd8d6d348b77e36c9a84bf84bb59599b332a9eb9a"}
{"block_number": 36, "miner_hash": "0xF2B8874A4859cc5B9D4e018b5D5595b9Ed2FcBF2", "block_hash": "0x0a3e6fe09a99d0a83ea7ca2f6ddb8524ac83ef903629db3084a1d458a4a83fb2", "block_time": 1703696747, "block_parent": "0x2a1469002911e36efd9d7329668c3eb2fa6e9f2fe0d634cae3b18b711281c6cc"}
{"block_number": 37, "miner_hash": "0xF2B8874A4859cc5B9D4e018b5D5595b9Ed2FcBF2", "block_hash": "0xd36325c950565d815b42a5b92b7d277f211436d0651647b740fe72801f3bc3f1", "block_time": 1703696748, "block_parent": "0x0a3e6fe09a99d0a83ea7ca2f6ddb8524ac83ef903629db3084a1d458a4a83fb2"}
{"block_number": 38, "miner_hash": "0xe85979d35212ad38075919c52d9B91e371Ca23eC", "block_hash": "0x54f6ebcae90c865c0d32eec5923bf210442f2d27f2cb748fdece92502b15f435", "block_time": 1703696749, "block_parent": "0xd36325c950565d815b42a5b92b7d277f211436d0651647b740fe72801f3bc3f1"}
{"block_number": 39, "miner_hash": "0x333f187bA12eB20beA5840BD2caD07D921A03f07", "block_hash": "0xb623d21ffe0df9153e5dbb12166f3f70dd2a0df5d3377527bc329155adc8e164", "block_time": 1703696750, "block_parent": "0x54f6ebcae90c865c0d32eec5923bf210442f2d27f2cb748fdece92502b15f435"}
{"block_number": 40, "miner_hash": "0xF2B8874A4859cc5B9D4e018b5D5595b9Ed2FcBF2", "block_hash": "0x2f8615a02f33c4d50b169254a342afc2af9abb0d4ec3389c13521d1589483145", "block_time": 1703696751, "block_parent": "0xe4e1773b8e8c24716ad42257f19712b858f0f20403c72127a9327938d45064b0"}
{"block_number": 41, "miner_hash": "0x333f187bA12eB20beA5840BD2caD07D921A03f07", "block_hash": "0xdace2dd79b8f7b26fc049414a19c74882cd0f736326352f00248b804de250561", "block_time": 1703696752, "block_parent": "0x2f8615a02f33c4d50b169254a342afc2af9abb0d4ec3389c13521d1589483145"}
{"block_number": 42, "miner_hash": "0x333f187bA12eB20beA5840BD2caD07D921A03f07", "block_hash": "0xc22b00e169f793209e44d3f770f3c51e8a6fb608b94ccef96aefe802d20e2c8f", "block_time": 1703696755, "block_parent": "0xdace2dd79b8f7b26fc049414a19c74882cd0f736326352f00248b804de250561"}
{"block_number": 43, "miner_hash": "0xbE3243C54e4073CcAb10d51A08D8aBD6d450b623", "block_hash": "0xc2fc2b0e1798df5e157428cff63c29705958708ce03e806d0401562d78c003ea", "block_time": 1703696756, "block_parent": "0xc22b00e169f793209e44d3f770f3c51e8a6fb608b94ccef96aefe802d20e2c8f"}
{"block_number": 44, "miner_hash": "0xF2B8874A4859cc5B9D4e018b5D5595b9Ed2FcBF2", "block_hash": "0xef3c31d1939c0b30623c72eb78532c715180c0a7cb3b75759e141ee2ebb0328e", "block_time": 1703696757, "block_parent": "0xc2fc2b0e1798df5e157428cff63c29705958708ce03e806d0401562d78c003ea"}
{"block_number": 45, "miner_hash": "0x333f187bA12eB20beA5840BD2caD07D921A03f07", "block_hash": "0xb7d925e7a29b0c181fbb5e37be8ead5c4c8b435c3f4ef589ba2474b00fab15ba", "block_time": 1703696758, "block_parent": "0xef3c31d1939c0b30623c72eb78532c715180c0a7cb3b75759e141ee2ebb0328e"}
{"block_number": 46, "miner_hash": "0x333f187bA12eB20beA5840BD2caD07D921A03f07", "block_hash": "0xb58cad0efd32cc5af88feae879a14db9d64ff432d4e5707f50a0541ae5cb56c5", "block_time": 1703696759, "block_parent": "0xb7d925e7a29b0c181fbb5e37be8ead5c4c8b435c3f4ef589ba2474b00fab15ba"}
{"block_number": 47, "miner_hash": "0xF2B8874A4859cc5B9D4e018b5D5595b9Ed2FcBF2", "block_hash": "0x44e33a17d2e4b711d8ac6ad7a8d22b832590f1d0341acc619f9f6599490485b0", "block_time": 1703696760, "block_parent": "0xb58cad0efd32cc5af88feae879a14db9d64ff432d4e5707f50a0541ae5cb56c5"}
{"block_number": 48, "miner_hash": "0xF2B8874A4859cc5B9D4e018b5D5595b9Ed2FcBF2", "block_hash": "0x8da353669e94f2a3eaa9552052187ab142b42084c41c1e225b82ca562cc2077c", "block_time": 1703696763, "block_parent": "0x44e33a17d2e4b711d8ac6ad7a8d22b832590f1d0341acc619f9f6599490485b0"}
{"block_number": 49, "miner_hash": "0xe85979d35212ad38075919c52d9B91e371Ca23eC", "block_hash": "0x4bb3d1ec3d40d4049eddd84aa1b56dc31492cb66989a8f62cecccd7375387fb0", "block_time": 1703696764, "block_parent": "0x8da353669e94f2a3eaa9552052187ab142b42084c41c1e225b82ca562cc2077c"}
{"block_number": 50, "miner_hash": "0xbE3243C54e4073CcAb10d51A08D8aBD6d450b623", "block_hash": "0x2b23fbaa246fd35204a36d7175c794c96d9e46c35d3598262f585f486a455f5d", "block_time": 1703696766, "block_parent": "0x4bb3d1ec3d40d4049eddd84aa1b56dc31492cb66989a8f62cecccd7375387fb0"}
{"block_number": 51, "miner_hash": "0xbE3243C54e4073CcAb10d51A08D8aBD6d450b623", "block_hash": "0xc2fbbc5ec224a0be368f3bb563a606de82557c0448c040200ad5599387e04554", "block_time": 1703696767, "block_parent": "0x2b23fbaa246fd35204a36d7175c794c96d9e46c35d3598262f585f486a455f5d"}
{"block_number": 52, "miner_hash": "0xbE3243C54e4073CcAb10d51A08D8aBD6d450b623", "block_hash": "0x2d575a4d9ec70a4bd4ad80fe9f4505dd44137a096ff082a1c10edf63bb6fabe7", "block_time": 1703696768, "block_parent": "0xc2fbbc5ec224a0be368f3bb563a606de82557c0448c040200ad5599387e04554"}
{"block_number": 53, "miner_hash": "0xF2B8874A4859cc5B9D4e018b5D5595b9Ed2FcBF2", "block_hash": "0x39d26843cbfbaefd8318be0a33f30dd0b96ca66a8a0ae0ad8d0a58e9a45bc6f9", "block_time": 1703696771, "block_parent": "0x2d575a4d9ec70a4bd4ad80fe9f4505dd44137a096ff082a1c10edf63bb6fabe7"}
{"block_number": 54, "miner_hash": "0xF2B8874A4859cc5B9D4e018b5D5595b9Ed2FcBF2", "block_hash": "0xccbb18eb60f9b49fe0abbe94f98bdd4ae186f709d7d31f62b3e45784f2105205", "block_time": 1703696772, "block_parent": "0x39d26843cbfbaefd8318be0a33f30dd0b96ca66a8a0ae0ad8d0a58e9a45bc6f9"}
{"block_number": 55, "miner_hash": "0xe85979d35212ad38075919c52d9B91e371Ca23eC", "block_hash": "0xeccd5fc5b766639b540c90059ce75c68b16eb4fccd92879b08b48ef609ac0d09", "block_time": 1703696774, "block_parent": "0xccbb18eb60f9b49fe0abbe94f98bdd4ae186f709d7d31f62b3e45784f2105205"}
{"block_number": 56, "miner_hash": "0xF2B8874A4859cc5B9D4e018b5D5595b9Ed2FcBF2", "block_hash": "0x09e05fe300e67f5f243121506657537536ec8c1a27580ee17e9eddb5e3279c13", "block_time": 1703696779, "block_parent": "0xeccd5fc5b766639b540c90059ce75c68b16eb4fccd92879b08b48ef609ac0d09"}
{"block_number": 57, "miner_hash": "0x333f187bA12eB20beA5840BD2caD07D921A03f07", "block_hash": "0x12da609a412ee5e6fece61466ce4fc9772d76807d93f2f7d5f4af5ab974e1cb5", "block_time": 1703696780, "block_parent": "0x09e05fe300e67f5f243121506657537536ec8c1a27580ee17e9eddb5e3279c13"}
{"block_number": 58, "miner_hash": "0xe85979d35212ad38075919c52d9B91e371Ca23eC", "block_hash": "0x4cb9bd89fbaf03675593310d73a637bce789ebda4c4b8c35522787fd1d084b22", "block_time": 1703696781, "block_parent": "0x12da609a412ee5e6fece61466ce4fc9772d76807d93f2f7d5f4af5ab974e1cb5"}
{"block_number": 59, "miner_hash": "0x333f187bA12eB20beA5840BD2caD07D921A03f07", "block_hash": "0x3695706ba1a07b58c59bdf037956a7d6eaff03a4d2eaacd4ff5e503c6d1390d0", "block_time": 1703696782, "block_parent": "0x4cb9bd89fbaf03675593310d73a637bce789ebda4c4b8c35522787fd1d084b22"}
{"block_number": 60, "miner_hash": "0xF2B8874A4859cc5B9D4e018b5D5595b9Ed2FcBF2", "block_hash": "0xc772abeea2e8852f2511763c0cdf9d7882cb1a2d18cf7cdd8e8301d8174b0d6d", "block_time": 1703696783, "block_parent": "0x3695706ba1a07b58c59bdf037956a7d6eaff03a4d2eaacd4ff5e503c6d1390d0"}
{"block_number": 61, "miner_hash": "0x333f187bA12eB20beA5840BD2caD07D921A03f07", "block_hash": "0x6aa79109ca9bd9e013e49b4c66f676bb7399b7494e499cd351df9d2174f097ee", "block_time": 1703696786, "block_parent": "0xc772abeea2e8852f2511763c0cdf9d7882cb1a2d18cf7cdd8e8301d8174b0d6d"}
{"block_number": 62, "miner_hash": "0xF2B8874A4859cc5B9D4e018b5D5595b9Ed2FcBF2", "block_hash": "0xabac5fbf107906637c80b4721587b2e907765f8c5a26bf67ef6c3b085154b5b1", "block_time": 1703696787, "block_parent": "0x6aa79109ca9bd9e013e49b4c66f676bb7399b7494e499cd351df9d2174f097ee"}
{"block_number": 63, "miner_hash": "0xbE3243C54e4073CcAb10d51A08D8aBD6d450b623", "block_hash": "0xf33003cb07ba6528dd5390491776c051c88f4c4f20aca4c539cf047bc26796dc", "block_time": 1703696788, "block_parent": "0xabac5fbf107906637c80b4721587b2e907765f8c5a26bf67ef6c3b085154b5b1"}
{"block_number": 64, "miner_hash": "0xF2B8874A4859cc5B9D4e018b5D5595b9Ed2FcBF2", "block_hash": "0x1b6e975a05e885ee780b8d37a5895cea731b7b45d9b3793bc4f637eb83f79835", "block_time": 1703696791, "block_parent": "0xf33003cb07ba6528dd5390491776c051c88f4c4f20aca4c539cf047bc26796dc"}
{"block_number": 64, "miner_hash": "0xC81470c83A386DEc5d251D763Acc834dD1987F47", "block_hash": "0xd591d689f43969c770cbf54b0aac47d4457b209955637e46ef320cdea6a49914", "block_time": 1703696792, "block_parent": "0xf33003cb07ba6528dd5390491776c051c88f4c4f20aca4c539cf047bc26796dc"}
{"block_number": 65, "miner_hash": "0xe85979d35212ad38075919c52d9B91e371Ca23eC", "block_hash": "0xab08762e792775874082ad5b65ac77ef5abac427284e46670b40a53f2a2affbe", "block_time": 1703696792, "block_parent": "0x1b6e975a05e885ee780b8d37a5895cea731b7b45d9b3793bc4f637eb83f79835"}
{"block_number": 66, "miner_hash": "0xF2B8874A4859cc5B9D4e018b5D5595b9Ed2FcBF2", "block_hash": "0x55c14dc3848d00a1cd679280a8f8d329a39c96774b7ac2d8d37a92e0c2059988", "block_time": 1703696798, "block_parent": "0xab08762e792775874082ad5b65ac77ef5abac427284e46670b40a53f2a2affbe"}
{"block_number": 67, "miner_hash": "0xF2B8874A4859cc5B9D4e018b5D5595b9Ed2FcBF2", "block_hash": "0xac189b64db7fcb6228f40e3defb60641235eca4106c6cf00bc5f127b4acfef31", "block_time": 1703696799, "block_parent": "0x55c14dc3848d00a1cd679280a8f8d329a39c96774b7ac2d8d37a92e0c2059988"}
{"block_number": 68, "miner_hash": "0xbE3243C54e4073CcAb10d51A08D8aBD6d450b623", "block_hash": "0x412e8e39dc2e18d79bfdb0d0d8341b7ef0203fb7df32c06144fcfca2e627ef9f", "block_time": 1703696806, "block_parent": "0xac189b64db7fcb6228f40e3defb60641235eca4106c6cf00bc5f127b4acfef31"}
{"block_number": 69, "miner_hash": "0xbE3243C54e4073CcAb10d51A08D8aBD6d450b623", "block_hash": "0x5a1446db006096ccfdfefe2ea2b37f2fefc3478c8d33475b833c9984994b9107", "block_time": 1703696807, "block_parent": "0x412e8e39dc2e18d79bfdb0d0d8341b7ef0203fb7df32c06144fcfca2e627ef9f"}
{"block_number": 70, "miner_hash": "0xbE3243C54e4073CcAb10d51A08D8aBD6d450b623", "block_hash": "0x844a5f1904dc46d6acf1b7005e68566e964a556c18d516f1ea8e89a7c37b82e2", "block_time": 1703696808, "block_parent": "0x5a1446db006096ccfdfefe2ea2b37f2fefc3478c8d33475b833c9984994b9107"}
{"block_number": 71, "miner_hash": "0xe85979d35212ad38075919c52d9B91e371Ca23eC", "block_hash": "0x28e0632c1b9d129af3d08492cead7cc0b91d537552fd47dda547b24f73d227bf", "block_time": 1703696813, "block_parent": "0x844a5f1904dc46d6acf1b7005e68566e964a556c18d516f1ea8e89a7c37b82e2"}
{"block_number": 73, "miner_hash": "0x8A7D3aA97cCd091D4169d444fF79028a64314DE1", "block_hash": "0xc678c2c264e9c32eb50d6726e641da8a8ba6850b269e19a98c6567f232e8c83a", "block_time": 1703696812, "block_parent": "0xbd5aff7b93595e36f2b4ddbbd4c5cd87fe63384305b4aad8175f0dc7d2fb6f08"}
{"block_number": 75, "miner_hash": "0xF2B8874A4859cc5B9D4e018b5D5595b9Ed2FcBF2", "block_hash": "0xd5e0c2fe4c3513dbebf0f7be4605279f6d28e4d06c5f5ccee0220acf5351c0ee", "block_time": 1703696815, "block_parent": "0x6417a60534bdc6c392b4298469f6a435ad6c268faafebc0421e91fc6c168ea4f"}
{"block_number": 76, "miner_hash": "0xbE3243C54e4073CcAb10d51A08D8aBD6d450b623", "block_hash": "0xce62430a1732abcca4a62eb789eaa9915dc4ade6e584d99934506b47929d0ccd", "block_time": 1703696816, "block_parent": "0xd5e0c2fe4c3513dbebf0f7be4605279f6d28e4d06c5f5ccee0220acf5351c0ee"}
{"block_number": 77, "miner_hash": "0x8A7D3aA97cCd091D4169d444fF79028a64314DE1", "block_hash": "0x47eb08e3246ca3e716f502ce42bf625fbf66c4c314fe42facf624e6ce904ad86", "block_time": 1703696819, "block_parent": "0x36e42561cbce5d3e60be45fb5ef27a92ab84349240c3736fd970a291026b09ba"}
{"block_number": 77, "miner_hash": "0xbE3243C54e4073CcAb10d51A08D8aBD6d450b623", "block_hash": "0xe364be771a131e1b8adebfe94c62e0b6cb2f40d9b5bc5747cd16c7a7ead63b83", "block_time": 1703696819, "block_parent": "0xce62430a1732abcca4a62eb789eaa9915dc4ade6e584d99934506b47929d0ccd"}
{"block_number": 78, "miner_hash": "0x333f187bA12eB20beA5840BD2caD07D921A03f07", "block_hash": "0x0cba462f3c1d49a468bbc90ea00ee51c4d63b61108b6426141e66e76e8d0bb09", "block_time": 1703696821, "block_parent": "0xe364be771a131e1b8adebfe94c62e0b6cb2f40d9b5bc5747cd16c7a7ead63b83"}
{"block_number": 80, "miner_hash": "0x3fF96a3597a91C582b6dAdd7D39984282275687C", "block_hash": "0x5648decc61c6bdb3b4db86a34d4609a98585712f2cd1c640ab87f9eccab0f232", "block_time": 1703696823, "block_parent": "0xc7e61f9195b9a3af8bd8e2dab16cd7139725a19fd3cc082134b549be3efba366"}
{"block_number": 84, "miner_hash": "0xF2B8874A4859cc5B9D4e018b5D5595b9Ed2FcBF2", "block_hash": "0x0ada34134f1fba49647721b351ec1bc93106812586e4fae101d518ac16833ee2", "block_time": 1703696827, "block_parent": "0x94692a085dc37cc5f51c817644a44242674aba744eb3e179be56a7ff0efa7846"}
{"block_number": 85, "miner_hash": "0xbE3243C54e4073CcAb10d51A08D8aBD6d450b623", "block_hash": "0x3a6d74bd6319249490764765584799a5d2200c20760fe85a25363f0f990c914d", "block_time": 1703696828, "block_parent": "0x0ada34134f1fba49647721b351ec1bc93106812586e4fae101d518ac16833ee2"}
{"block_number": 86, "miner_hash": "0x8A7D3aA97cCd091D4169d444fF79028a64314DE1", "block_hash": "0x3c49f6d72ecc0b9b93e01c490d1b98e908d92746dca66834580f837b286644e2", "block_time": 1703696829, "block_parent": "0xb4e3fbf0102351e0974d66e42cb11897287ac67d41121ce0f2ee4bb6be1135a3"}
{"block_number": 87, "miner_hash": "0x333f187bA12eB20beA5840BD2caD07D921A03f07", "block_hash": "0xee29858e0d74c25410ee33dd7e3bfa080d8d13564b28b7b9e7b2b57ce1e6c33a", "block_time": 1703696830, "block_parent": "0x3c49f6d72ecc0b9b93e01c490d1b98e908d92746dca66834580f837b286644e2"}
{"block_number": 88, "miner_hash": "0x3fF96a3597a91C582b6dAdd7D39984282275687C", "block_hash": "0xded93cd9b3efdb43212b85765a090bf3ae5ba364ac2c3c06baf3fe4dee6596e0", "block_time": 1703696831, "block_parent": "0xee29858e0d74c25410ee33dd7e3bfa080d8d13564b28b7b9e7b2b57ce1e6c33a"}
{"block_number": 89, "miner_hash": "0x333f187bA12eB20beA5840BD2caD07D921A03f07", "block_hash": "0xeac26d1968e7bea24dd0a4158a2b3ff0435835852a1a5b91316dd3700ca92467", "block_time": 1703696832, "block_parent": "0xded93cd9b3efdb43212b85765a090bf3ae5ba364ac2c3c06baf3fe4dee6596e0"}
{"block_number": 91, "miner_hash": "0xE910c76B445e44bD60bE26875649a18c7940582c", "block_hash": "0xc5bb69ef47af033dd260face3d424087d332047adb4db31fd78d840222b900c6", "block_time": 1703696834, "block_parent": "0x741c4d27defd912246108ea2e9c52bf6a2a474f2467758c4c87e7bb4f1b623e8"}
{"block_number": 95, "miner_hash": "0x3fF96a3597a91C582b6dAdd7D39984282275687C", "block_hash": "0xf87ca21f48bf7be2977c5724c7756511d4d51373f2aeda394bf5ecacb090c6ef", "block_time": 1703696838, "block_parent": "0x201277637a02c446bd35d215a5af125406c8f85b785d6ad1801b77f0e23e3655"}
{"block_number": 96, "miner_hash": "0xF2B8874A4859cc5B9D4e018b5D5595b9Ed2FcBF2", "block_hash": "0x9d33353bc0780758f8aa85538c2549286857ed6761c1ffd707470b667113f676", "block_time": 1703696839, "block_parent": "0xf87ca21f48bf7be2977c5724c7756511d4d51373f2aeda394bf5ecacb090c6ef"}
{"block_number": 97, "miner_hash": "0x8A7D3aA97cCd091D4169d444fF79028a64314DE1", "block_hash": "0x04b131023dda14f907d36351fc8f4c713de1e3d48393a0d002a208bee21765b1", "block_time": 1703696844, "block_parent": "0x9d33353bc0780758f8aa85538c2549286857ed6761c1ffd707470b667113f676"}
{"block_number": 98, "miner_hash": "0x8A7D3aA97cCd091D4169d444fF79028a64314DE1", "block_hash": "0x900981f8aace2ffbf4af814b43b2ee23c83d0f5510ac36ac4047f284df1a4e9e", "block_time": 1703696845, "block_parent": "0x04b131023dda14f907d36351fc8f4c713de1e3d48393a0d002a208bee21765b1"}
{"block_number": 99, "miner_hash": "0xF2B8874A4859cc5B9D4e018b5D5595b9Ed2FcBF2", "block_hash": "0xbf5f8a7bcc1d0eea6237cf348bb31cbb9b40c8c921f128fab1f7b76c3bfbe4be", "block_time": 1703696846, "block_parent": "0x900981f8aace2ffbf4af814b43b2ee23c83d0f5510ac36ac4047f284df1a4e9e"}
{"block_number": 100, "miner_hash": "0xC81470c83A386DEc5d251D763Acc834dD1987F47", "block_hash": "0x2addf1822a82395ce2b56a428ff172166467a341604b7661235d55a112428d74", "block_time": 1703696850, "block_parent": "0xbf5f8a7bcc1d0eea6237cf348bb31cbb9b40c8c921f128fab1f7b76c3bfbe4be"}
{"block_number": 101, "miner_hash": "0xe85979d35212ad38075919c52d9B91e371Ca23eC", "block_hash": "0x2bcf42306224907b58486f8b023feeae2b47762f21022cd7bef29dc6239eec63", "block_time": 1703696851, "block_parent": "0x2addf1822a82395ce2b56a428ff172166467a341604b7661235d55a112428d74"}
{"block_number": 102, "miner_hash": "0xC81470c83A386DEc5d251D763Acc834dD1987F47", "block_hash": "0xa34413b31998a9202938c2f3ce206513839f7f4ca85aced6471cc00a000e233e", "block_time": 1703696852, "block_parent": "0x2bcf42306224907b58486f8b023feeae2b47762f21022cd7bef29dc6239eec63"}
{"block_number": 103, "miner_hash": "0x8A7D3aA97cCd091D4169d444fF79028a64314DE1", "block_hash": "0x2a8d2e5338df4c8113841ba7f0fd198be2a1cc71774da650a08f6ffe0c42c3d2", "block_time": 1703696853, "block_parent": "0xa34413b31998a9202938c2f3ce206513839f7f4ca85aced6471cc00a000e233e"}
{"block_number": 103, "miner_hash": "0xC81470c83A386DEc5d251D763Acc834dD1987F47", "block_hash": "0xb06538f801a858f3475144788d9086477734a6239103e8f6591d4e9b2b9b5a6e", "block_time": 1703696853, "block_parent": "0xa34413b31998a9202938c2f3ce206513839f7f4ca85aced6471cc00a000e233e"}
{"block_number": 104, "miner_hash": "0xe85979d35212ad38075919c52d9B91e371Ca23eC", "block_hash": "0xdb3a453be6cb9764fe1cf2f1c8337a0bd597b3f421433e4975b2d5d18be4db3a", "block_time": 1703696854, "block_parent": "0xb06538f801a858f3475144788d9086477734a6239103e8f6591d4e9b2b9b5a6e"}
{"block_number": 105, "miner_hash": "0xC81470c83A386DEc5d251D763Acc834dD1987F47", "block_hash": "0x3320d6d827bcaad59591d45aab822907aa3c66dcf4670ae8dce16188419c2c0d", "block_time": 1703696855, "block_parent": "0xdb3a453be6cb9764fe1cf2f1c8337a0bd597b3f421433e4975b2d5d18be4db3a"}
{"block_number": 106, "miner_hash": "0x333f187bA12eB20beA5840BD2caD07D921A03f07", "block_hash": "0x9b13bdc9e4ce58dc4d6e3cbf8977bdaa02255894ede93d4e1ff43ceea21e4695", "block_time": 1703696856, "block_parent": "0x3320d6d827bcaad59591d45aab822907aa3c66dcf4670ae8dce16188419c2c0d"}
{"block_number": 107, "miner_hash": "0x333f187bA12eB20beA5840BD2caD07D921A03f07", "block_hash": "0xf376bfd5698a0caec301aa50cf331d85e55b433e7b3a1581a9f8edc2885c0559", "block_time": 1703696857, "block_parent": "0x9b13bdc9e4ce58dc4d6e3cbf8977bdaa02255894ede93d4e1ff43ceea21e4695"}
{"block_number": 108, "miner_hash": "0x8A7D3aA97cCd091D4169d444fF79028a64314DE1", "block_hash": "0x8e9e5f4f61d7383249b6499f4fd72ed6f5617c0081554fe8d89738d960de3c94", "block_time": 1703696858, "block_parent": "0xf376bfd5698a0caec301aa50cf331d85e55b433e7b3a1581a9f8edc2885c0559"}
{"block_number": 109, "miner_hash": "0x333f187bA12eB20beA5840BD2caD07D921A03f07", "block_hash": "0xc7a64e2ae7e289441d2e9b178cf145deb473171feb432d17d6b95849b46e3764", "block_time": 1703696859, "block_parent": "0x8e9e5f4f61d7383249b6499f4fd72ed6f5617c0081554fe8d89738d960de3c94"}
{"block_number": 110, "miner_hash": "0xE910c76B445e44bD60bE26875649a18c7940582c", "block_hash": "0xf0f35526909efb35d6cfd9fa831b90d9695976dcd1519d85cae5afcd3b9eb0f7", "block_time": 1703696860, "block_parent": "0xc7a64e2ae7e289441d2e9b178cf145deb473171feb432d17d6b95849b46e3764"}
{"block_number": 111, "miner_hash": "0x333f187bA12eB20beA5840BD2caD07D921A03f07", "block_hash": "0x14270b63752f00fba0ba1eaddfcbf373bdb3e114efc81dafc651905bb9435f3a", "block_time": 1703696861, "block_parent": "0xf0f35526909efb35d6cfd9fa831b90d9695976dcd1519d85cae5afcd3b9eb0f7"}
{"block_number": 112, "miner_hash": "0x333f187bA12eB20beA5840BD2caD07D921A03f07", "block_hash": "0x9ba50b4574cc0ab640f05fb098221491265834c46567e01d6c893e893e6897e5", "block_time": 1703696862, "block_parent": "0x14270b63752f00fba0ba1eaddfcbf373bdb3e114efc81dafc651905bb9435f3a"}
{"block_number": 113, "miner_hash": "0xF2B8874A4859cc5B9D4e018b5D5595b9Ed2FcBF2", "block_hash": "0x9013065769cc40c2af3c3e557b6929aeee84f3a002b9a4ac9e6080bbde6c9399", "block_time": 1703696863, "block_parent": "0x63fa4d9f6cd6bb6c554e64b3aedc17147be07e0452db7d145a62141f33d9f5ff"}
{"block_number": 114, "miner_hash": "0xe85979d35212ad38075919c52d9B91e371Ca23eC", "block_hash": "0x64f82c69c5fcb3349286e8f980fbdd1e0ffb581ea1f8b044fc63acc401c14da9", "block_time": 1703696864, "block_parent": "0x9013065769cc40c2af3c3e557b6929aeee84f3a002b9a4ac9e6080bbde6c9399"}
{"block_number": 115, "miner_hash": "0x8A7D3aA97cCd091D4169d444fF79028a64314DE1", "block_hash": "0x69be87d96e49c82cbeadb29a17062ac49ccd5e395cbeabad42a74a5cf3c986b8", "block_time": 1703696865, "block_parent": "0x64f82c69c5fcb3349286e8f980fbdd1e0ffb581ea1f8b044fc63acc401c14da9"}
{"block_number": 116, "miner_hash": "0xF2B8874A4859cc5B9D4e018b5D5595b9Ed2FcBF2", "block_hash": "0x50b478fad6e53f1e9882c25e5d8adca25238c1a91a7d8c914873b96aee9dfe3b", "block_time": 1703696866, "block_parent": "0x69be87d96e49c82cbeadb29a17062ac49ccd5e395cbeabad42a74a5cf3c986b8"}
{"block_number": 117, "miner_hash": "0xC81470c83A386DEc5d251D763Acc834dD1987F47", "block_hash": "0x584ffcff59b574449df5eac2cc0a42dc0530af49a402b5cdd247306aacfc14ec", "block_time": 1703696867, "block_parent": "0x50b478fad6e53f1e9882c25e5d8adca25238c1a91a7d8c914873b96aee9dfe3b"}
{"block_number": 118, "miner_hash": "0xbE3243C54e4073CcAb10d51A08D8aBD6d450b623", "block_hash": "0x64d3e2acff24daff1303697e933d4395d791c8c67173d14113fbe7b9c4736ba9", "block_time": 1703696868, "block_parent": "0x584ffcff59b574449df5eac2cc0a42dc0530af49a402b5cdd247306aacfc14ec"}
{"block_number": 119, "miner_hash": "0xE910c76B445e44bD60bE26875649a18c7940582c", "block_hash": "0x73978088907f3d690c9b01bea58dd6e911364f47c022d85b22f77c457950e49f", "block_time": 1703696869, "block_parent": "0x64d3e2acff24daff1303697e933d4395d791c8c67173d14113fbe7b9c4736ba9"}
{"block_number": 120, "miner_hash": "0xbE3243C54e4073CcAb10d51A08D8aBD6d450b623", "block_hash": "0x20c814b6f523fb5a5782ccd07f90c6d218e70c3f0165d356a53105b9dab55005", "block_time": 1703696870, "block_parent": "0x73978088907f3d690c9b01bea58dd6e911364f47c022d85b22f77c457950e49f"}
{"block_number": 121, "miner_hash": "0xC81470c83A386DEc5d251D763Acc834dD1987F47", "block_hash": "0xb1cfc4acc16062a1d5140239cb47ba7b19adfa2d7bd45b3a172db4956b66af37", "block_time": 1703696871, "block_parent": "0x20c814b6f523fb5a5782ccd07f90c6d218e70c3f0165d356a53105b9dab55005"}
{"block_number": 122, "miner_hash": "0xE910c76B445e44bD60bE26875649a18c7940582c", "block_hash": "0x0b38a061414f0d8d8e66c64c07f93a21453a43eab6714059ce7452d3d692d06f", "block_time": 1703696872, "block_parent": "0xb1cfc4acc16062a1d5140239cb47ba7b19adfa2d7bd45b3a172db4956b66af37"}
{"block_number": 123, "miner_hash": "0x8A7D3aA97cCd091D4169d444fF79028a64314DE1", "block_hash": "0xe7e2b06b5ef066c080eafed5923599e42a7083712cfdb14dec7872368aed90c1", "block_time": 1703696873, "block_parent": "0x0b38a061414f0d8d8e66c64c07f93a21453a43eab6714059ce7452d3d692d06f"}
{"block_number": 124, "miner_hash": "0xC81470c83A386DEc5d251D763Acc834dD1987F47", "block_hash": "0x0a86dee3d51c0924b8ed3da893d36baec3718109238f3fff42e06df6c5e5d5a8", "block_time": 1703696874, "block_parent": "0xe7e2b06b5ef066c080eafed5923599e42a7083712cfdb14dec7872368aed90c1"}
{"block_number": 124, "miner_hash": "0x8A7D3aA97cCd091D4169d444fF79028a64314DE1", "block_hash": "0xe235a4f019aeaa98dc7de538e2788ae566dddcd05a68f3161a1ed82b1c619dcd", "block_time": 1703696874, "block_parent": "0xe7e2b06b5ef066c080eafed5923599e42a7083712cfdb14dec7872368aed90c1"}
{"block_number": 125, "miner_hash": "0xe85979d35212ad38075919c52d9B91e371Ca23eC", "block_hash": "0x9d7159fbc325da96b6999524a9708994ed268d1249851b3e0c11ca8bf4e4d31d", "block_time": 1703696875, "block_parent": "0xe235a4f019aeaa98dc7de538e2788ae566dddcd05a68f3161a1ed82b1c619dcd"}
{"block_number": 126, "miner_hash": "0xbE3243C54e4073CcAb10d51A08D8aBD6d450b623", "block_hash": "0x5c0b4cc61a87d1e5b0eeeb9ecd2cd07e4727362101f3f2e29e7ca7cf83040d26", "block_time": 1703696876, "block_parent": "0x9d7159fbc325da96b6999524a9708994ed268d1249851b3e0c11ca8bf4e4d31d"}
{"block_number": 127, "miner_hash": "0x333f187bA12eB20beA5840BD2caD07D921A03f07", "block_hash": "0x762ae4360cadc9987587c7847f372bc255109bb679b52c19e10584675556985e", "block_time": 1703696877, "block_parent": "0x5c0b4cc61a87d1e5b0eeeb9ecd2cd07e4727362101f3f2e29e7ca7cf83040d26"}
{"block_number": 128, "miner_hash": "0x333f187bA12eB20beA5840BD2caD07D921A03f07", "block_hash": "0x3243d2a503ac14e1b5d6c9e68767a99262337d1048b178c02c4d4261d6fa48ae", "block_time": 1703696878, "block_parent": "0x762ae4360cadc9987587c7847f372bc255109bb679b52c19e10584675556985e"}
{"block_number": 129, "miner_hash": "0x8A7D3aA97cCd091D4169d444fF79028a64314DE1", "block_hash": "0xa8eb83d9e0cacc24971feab5f9d6ea24446651e93456b10dab37595db4d55ca2", "block_time": 1703696879, "block_parent": "0x3243d2a503ac14e1b5d6c9e68767a99262337d1048b178c02c4d4261d6fa48ae"}
{"block_number": 130, "miner_hash": "0xF2B8874A4859cc5B9D4e018b5D5595b9Ed2FcBF2", "block_hash": "0x6ed4cd7a09c7a484853b10c214d08e0aaf85187495f03b189692ae4cf82fa77f", "block_time": 1703696880, "block_parent": "0xa8eb83d9e0cacc24971feab5f9d6ea24446651e93456b10dab37595db4d55ca2"}
{"block_number": 131, "miner_hash": "0xbE3243C54e4073CcAb10d51A08D8aBD6d450b623", "block_hash": "0x3909bff5bfc661838f279bd62a2980fd5caaea3809fabcf9ef1dd43b2749dad5", "block_time": 1703696881, "block_parent": "0x6ed4cd7a09c7a484853b10c214d08e0aaf85187495f03b189692ae4cf82fa77f"}
{"block_number": 132, "miner_hash": "0x3fF96a3597a91C582b6dAdd7D39984282275687C", "block_hash": "0xbf07e850b55efaff453b7d3ac59dd446dc0a2e12913230d9321021341c9b2f25", "block_time": 1703696882, "block_parent": "0x3909bff5bfc661838f279bd62a2980fd5caaea3809fabcf9ef1dd43b2749dad5"}
{"block_number": 133, "miner_hash": "0x3fF96a3597a91C582b6dAdd7D39984282275687C", "block_hash": "0x087cf51cefa22dc03dd6286f8da5398f126b73e2ae7cd0514b8d8fce6c5befcc", "block_time": 1703696883, "block_parent": "0xbf07e850b55efaff453b7d3ac59dd446dc0a2e12913230d9321021341c9b2f25"}
{"block_number": 134, "miner_hash": "0xe85979d35212ad38075919c52d9B91e371Ca23eC", "block_hash": "0x85b9cf6bf5945dcf62c2a4d37769811b820edb6ce542c25ebb38dffb68392f20", "block_time": 1703696884, "block_parent": "0x087cf51cefa22dc03dd6286f8da5398f126b73e2ae7cd0514b8d8fce6c5befcc"}
{"block_number": 135, "miner_hash": "0xF2B8874A4859cc5B9D4e018b5D5595b9Ed2FcBF2", "block_hash": "0x8cc4234dac613cd29bef4a91fc370bb495d4c3c2f9b9eca938559248d61f3393", "block_time": 1703696886, "block_parent": "0x85b9cf6bf5945dcf62c2a4d37769811b820edb6ce542c25ebb38dffb68392f20"}
{"block_number": 136, "miner_hash": "0x333f187bA12eB20beA5840BD2caD07D921A03f07", "block_hash": "0xd6e11627fa2e6268fb5bc3f4f58cd6f4d58341fdea1f26d410f5ff868f0905ee", "block_time": 1703696887, "block_parent": "0x8cc4234dac613cd29bef4a91fc370bb495d4c3c2f9b9eca938559248d61f3393"}
{"block_number": 137, "miner_hash": "0x333f187bA12eB20beA5840BD2caD07D921A03f07", "block_hash": "0x249a6f0eec4e699d38ab7a8c259d704598d368919f89be910d332d91846b476f", "block_time": 1703696888, "block_parent": "0xd6e11627fa2e6268fb5bc3f4f58cd6f4d58341fdea1f26d410f5ff868f0905ee"}
{"block_number": 138, "miner_hash": "0x3fF96a3597a91C582b6dAdd7D39984282275687C", "block_hash": "0x99a15c2bc199ebae48248aba3195749b6d9c20f03b1bc65f599609a68c9e8c40", "block_time": 1703696889, "block_parent": "0x249a6f0eec4e699d38ab7a8c259d704598d368919f89be910d332d91846b476f"}
{"block_number": 139, "miner_hash": "0x3fF96a3597a91C582b6dAdd7D39984282275687C", "block_hash": "0x0376e833e473754939fbc656a31cdc3c4f09f22d677b7e91d230c4d7143db5a8", "block_time": 1703696890, "block_parent": "0x99a15c2bc199ebae48248aba3195749b6d9c20f03b1bc65f599609a68c9e8c40"}
{"block_number": 140, "miner_hash": "0xe85979d35212ad38075919c52d9B91e371Ca23eC", "block_hash": "0x65149902780539bcf750833ed522ee79ddb77f9fcdc7395015d605f4c0d33b59", "block_time": 1703696891, "block_parent": "0x0376e833e473754939fbc656a31cdc3c4f09f22d677b7e91d230c4d7143db5a8"}
{"block_number": 141, "miner_hash": "0x3fF96a3597a91C582b6dAdd7D39984282275687C", "block_hash": "0x9c9c26328fc2b764dfb6e85a0f7ce11590bf7e63472f36c5b257a2647361b510", "block_time": 1703696892, "block_parent": "0x65149902780539bcf750833ed522ee79ddb77f9fcdc7395015d605f4c0d33b59"}
{"block_number": 142, "miner_hash": "0xe85979d35212ad38075919c52d9B91e371Ca23eC", "block_hash": "0xa653c9def85969a58c2f39ebb599c4fe06eff03111f26062043493a51c56af08", "block_time": 1703696893, "block_parent": "0x9c9c26328fc2b764dfb6e85a0f7ce11590bf7e63472f36c5b257a2647361b510"}
{"block_number": 143, "miner_hash": "0x3fF96a3597a91C582b6dAdd7D39984282275687C", "block_hash": "0x24e0b0adf1b70964f864188058c533bb0d4da8ee4eae1d6be4f09d89f30d5b1e", "block_time": 1703696894, "block_parent": "0xa653c9def85969a58c2f39ebb599c4fe06eff03111f26062043493a51c56af08"}
{"block_number": 144, "miner_hash": "0xC81470c83A386DEc5d251D763Acc834dD1987F47", "block_hash": "0x531b4a8ba0266b7fd25793b5e30dcea67c103b4ec4b0458bb9265989587bf127", "block_time": 1703696895, "block_parent": "0x24e0b0adf1b70964f864188058c533bb0d4da8ee4eae1d6be4f09d89f30d5b1e"}
{"block_number": 145, "miner_hash": "0xe85979d35212ad38075919c52d9B91e371Ca23eC", "block_hash": "0x2b1b010004e30ce10d69e9ddfcd573669a886125e4135861deb6680b0db88bf4", "block_time": 1703696896, "block_parent": "0x531b4a8ba0266b7fd25793b5e30dcea67c103b4ec4b0458bb9265989587bf127"}
{"block_number": 146, "miner_hash": "0xC81470c83A386DEc5d251D763Acc834dD1987F47", "block_hash": "0xdf60d645fb1c5a69502dff4b98ff7a159ddad770f81247e789b9489deaa5c7a3", "block_time": 1703696897, "block_parent": "0x2b1b010004e30ce10d69e9ddfcd573669a886125e4135861deb6680b0db88bf4"}
{"block_number": 147, "miner_hash": "0x3fF96a3597a91C582b6dAdd7D39984282275687C", "block_hash": "0xc49fcdd97b1e4e881403962ce2c57e140de175bec39241c1212eeadb20294e1b", "block_time": 1703696898, "block_parent": "0xdf60d645fb1c5a69502dff4b98ff7a159ddad770f81247e789b9489deaa5c7a3"}
{"block_number": 148, "miner_hash": "0x8A7D3aA97cCd091D4169d444fF79028a64314DE1", "block_hash": "0x8e32a5a80e8579582d9ac775c362e0e9475396067975294cca27247869154ddb", "block_time": 1703696899, "block_parent": "0xc49fcdd97b1e4e881403962ce2c57e140de175bec39241c1212eeadb20294e1b"}
{"block_number": 149, "miner_hash": "0x3fF96a3597a91C582b6dAdd7D39984282275687C", "block_hash": "0x12a5c968f9b649bfe66b3b27f29c526cd9ae8a02fca04128d5e1c9268c4fe6cd", "block_time": 1703696900, "block_parent": "0x8e32a5a80e8579582d9ac775c362e0e9475396067975294cca27247869154ddb"}
{"block_number": 150, "miner_hash": "0xC81470c83A386DEc5d251D763Acc834dD1987F47", "block_hash": "0xe4024a4cad3ade857a2f24582e71e5c074d92cd69e7765fd803657115cea0612", "block_time": 1703696901, "block_parent": "0x12a5c968f9b649bfe66b3b27f29c526cd9ae8a02fca04128d5e1c9268c4fe6cd"}
{"block_number": 151, "miner_hash": "0xE910c76B445e44bD60bE26875649a18c7940582c", "block_hash": "0xd3e09fab7aefd622d8a26143484bc67a2a08e4fbe8ae8884712f75cceb8d1d78", "block_time": 1703696902, "block_parent": "0xdfcdf8080a674d56e4f8ee53ec67a5723d284456a25de55bdee937e224ec9647"}
{"block_number": 152, "miner_hash": "0x3fF96a3597a91C582b6dAdd7D39984282275687C", "block_hash": "0x8f78f915658c1a0e2447766e21747a791b45728888bb4b3b2adf2fb26165f0d1", "block_time": 1703696903, "block_parent": "0x8118a34cab838f2e8e020c103385a2f37b0a7fb68dad458f4420eb990ee50b67"}
{"block_number": 153, "miner_hash": "0x333f187bA12eB20beA5840BD2caD07D921A03f07", "block_hash": "0xc168b32d7470ab353244e246467a1f8a53bf9584b16374c447affb72d8e01418", "block_time": 1703696905, "block_parent": "0x8f78f915658c1a0e2447766e21747a791b45728888bb4b3b2adf2fb26165f0d1"}
{"block_number": 154, "miner_hash": "0xC81470c83A386DEc5d251D763Acc834dD1987F47", "block_hash": "0x8b37c5b124ad6e788f54b0191a2450d048ebd35ce60e139f496e0311169db593", "block_time": 1703696906, "block_parent": "0xc168b32d7470ab353244e246467a1f8a53bf9584b16374c447affb72d8e01418"}
{"block_number": 155, "miner_hash": "0x3fF96a3597a91C582b6dAdd7D39984282275687C", "block_hash": "0x950a53f3400aab7d7661487c228123f5faf63ef958c7cdf5f8936d8bb37dca0b", "block_time": 1703696907, "block_parent": "0x8b37c5b124ad6e788f54b0191a2450d048ebd35ce60e139f496e0311169db593"}
{"block_number": 156, "miner_hash": "0xF2B8874A4859cc5B9D4e018b5D5595b9Ed2FcBF2", "block_hash": "0x3207907ac7b63b93b21db42fae001f8474b7599662492dead4cc93d2e549f1cc", "block_time": 1703696908, "block_parent": "0x950a53f3400aab7d7661487c228123f5faf63ef958c7cdf5f8936d8bb37dca0b"}
{"block_number": 157, "miner_hash": "0x3fF96a3597a91C582b6dAdd7D39984282275687C", "block_hash": "0x1602e6beb99451779be0435cb97d69adf38bf4efa2ec8a923ad7ccea5fca032c", "block_time": 1703696909, "block_parent": "0x3207907ac7b63b93b21db42fae001f8474b7599662492dead4cc93d2e549f1cc"}
{"block_number": 158, "miner_hash": "0x8A7D3aA97cCd091D4169d444fF79028a64314DE1", "block_hash": "0x8ba2f35e2b92bdb022f9843ed5fe633e2eb3fb0e8cff97075635ae8814be6aa1", "block_time": 1703696910, "block_parent": "0x1602e6beb99451779be0435cb97d69adf38bf4efa2ec8a923ad7ccea5fca032c"}
{"block_number": 159, "miner_hash": "0xbE3243C54e4073CcAb10d51A08D8aBD6d450b623", "block_hash": "0xed49f80c0c8ac6eed48c4e46f8ab530510776bc6c20ab31e98c76e44fd619fb7", "block_time": 1703696911, "block_parent": "0x8ba2f35e2b92bdb022f9843ed5fe633e2eb3fb0e8cff97075635ae8814be6aa1"}
{"block_number": 160, "miner_hash": "0xC81470c83A386DEc5d251D763Acc834dD1987F47", "block_hash": "0x2e944aa5f7b9c42f6c4820b827ea170ffa14e41d524c362b6101f9a4928ed760", "block_time": 1703696912, "block_parent": "0xed49f80c0c8ac6eed48c4e46f8ab530510776bc6c20ab31e98c76e44fd619fb7"}
{"block_number": 161, "miner_hash": "0xC81470c83A386DEc5d251D763Acc834dD1987F47", "block_hash": "0x8c166d6a8de4f086c2f4f2dc4142ca3b0c1740719766a6722855b55bb589733b", "block_time": 1703696913, "block_parent": "0x2e944aa5f7b9c42f6c4820b827ea170ffa14e41d524c362b6101f9a4928ed760"}
{"block_number": 162, "miner_hash": "0x8A7D3aA97cCd091D4169d444fF79028a64314DE1", "block_hash": "0xe393f98094b69f7c8a985e0ca3912c89c258b2db524970cc984035b4d3252531", "block_time": 1703696914, "block_parent": "0x8c166d6a8de4f086c2f4f2dc4142ca3b0c1740719766a6722855b55bb589733b"}
{"block_number": 163, "miner_hash": "0xe85979d35212ad38075919c52d9B91e371Ca23eC", "block_hash": "0xaf83ee3c682e0d4d2ef96594864f157a90d52a74163c7dcda215a062e6576aa8", "block_time": 1703696915, "block_parent": "0xe393f98094b69f7c8a985e0ca3912c89c258b2db524970cc984035b4d3252531"}
{"block_number": 164, "miner_hash": "0x333f187bA12eB20beA5840BD2caD07D921A03f07", "block_hash": "0x5b0b01268a628837bdbf1d4077bc446c1de69d802f2fe0139c8c43d21b5b3f34", "block_time": 1703696916, "block_parent": "0xaf83ee3c682e0d4d2ef96594864f157a90d52a74163c7dcda215a062e6576aa8"}
{"block_number": 165, "miner_hash": "0x3fF96a3597a91C582b6dAdd7D39984282275687C", "block_hash": "0xfa5a15cc08bd480ac23fbbfdc546cdc03ffc79d454166f18694bf64cb944a9f3", "block_time": 1703696917, "block_parent": "0x5b0b01268a628837bdbf1d4077bc446c1de69d802f2fe0139c8c43d21b5b3f34"}
{"block_number": 166, "miner_hash": "0xe85979d35212ad38075919c52d9B91e371Ca23eC", "block_hash": "0x7dc3af420878369c5cb789a97307d085f21a9d103d4040d613c89922d79c70ab", "block_time": 1703696918, "block_parent": "0xfa5a15cc08bd480ac23fbbfdc546cdc03ffc79d454166f18694bf64cb944a9f3"}
{"block_number": 167, "miner_hash": "0xe85979d35212ad38075919c52d9B91e371Ca23eC", "block_hash": "0x1374fe9e209614e3757eb4e9788c203ee58df8ee1a4f4cb310bbae444334020d", "block_time": 1703696919, "block_parent": "0x7dc3af420878369c5cb789a97307d085f21a9d103d4040d613c89922d79c70ab"}
{"block_number": 168, "miner_hash": "0xC81470c83A386DEc5d251D763Acc834dD1987F47", "block_hash": "0x579b8cf615338952a8348060832dc7a004c0ab06d03135c794db5a7f7f47cbe0", "block_time": 1703696920, "block_parent": "0x1374fe9e209614e3757eb4e9788c203ee58df8ee1a4f4cb310bbae444334020d"}
{"block_number": 169, "miner_hash": "0x3fF96a3597a91C582b6dAdd7D39984282275687C", "block_hash": "0x638225f6a8bde63aa7d41be37ac9cc4c43c0b95e4a2bf52cfa1aad0e692f0d01", "block_time": 1703696921, "block_parent": "0x579b8cf615338952a8348060832dc7a004c0ab06d03135c794db5a7f7f47cbe0"}
{"block_number": 170, "miner_hash": "0x8A7D3aA97cCd091D4169d444fF79028a64314DE1", "block_hash": "0x2705f884bc6008086f3a57d944aa3e0ac54d85c6dcc6cd0c48b591d0ae6afb70", "block_time": 1703696922, "block_parent": "0x638225f6a8bde63aa7d41be37ac9cc4c43c0b95e4a2bf52cfa1aad0e692f0d01"}
{"block_number": 171, "miner_hash": "0xbE3243C54e4073CcAb10d51A08D8aBD6d450b623", "block_hash": "0x843a1ca2feb6f82e0bcb02f632711bb52362a0cd1433a2c1605443105383dab6", "block_time": 1703696923, "block_parent": "0x2705f884bc6008086f3a57d944aa3e0ac54d85c6dcc6cd0c48b591d0ae6afb70"}
{"block_number": 172, "miner_hash": "0x333f187bA12eB20beA5840BD2caD07D921A03f07", "block_hash": "0x10ce0ae43df9ff7ec0e3027742f34e51088d3a61fb4f76e885b584a45e1685f8", "block_time": 1703696924, "block_parent": "0x843a1ca2feb6f82e0bcb02f632711bb52362a0cd1433a2c1605443105383dab6"}
{"block_number": 173, "miner_hash": "0x333f187bA12eB20beA5840BD2caD07D921A03f07", "block_hash": "0x07f090872ec9b51a4aa824e4d828510b6441e8db42c766084c3f7dadf16e862f", "block_time": 1703696925, "block_parent": "0x10ce0ae43df9ff7ec0e3027742f34e51088d3a61fb4f76e885b584a45e1685f8"}
{"block_number": 174, "miner_hash": "0xe85979d35212ad38075919c52d9B91e371Ca23eC", "block_hash": "0x8b7dba35acef386bde044bb9fd969da0cac31c6bb1c5d6d2efae73a59b6eb127", "block_time": 1703696926, "block_parent": "0x07f090872ec9b51a4aa824e4d828510b6441e8db42c766084c3f7dadf16e862f"}
{"block_number": 175, "miner_hash": "0xbE3243C54e4073CcAb10d51A08D8aBD6d450b623", "block_hash": "0xe0716b78f8a18904f38e2d506ba689e9427be85510318f89e79f0b3cca86bbdd", "block_time": 1703696927, "block_parent": "0x8b7dba35acef386bde044bb9fd969da0cac31c6bb1c5d6d2efae73a59b6eb127"}
{"block_number": 176, "miner_hash": "0xE910c76B445e44bD60bE26875649a18c7940582c", "block_hash": "0xc2b5316613d1bd788d2cc951568dcd7f456fa616ef28011a36f5fa421256fbed", "block_time": 1703696928, "block_parent": "0xe0716b78f8a18904f38e2d506ba689e9427be85510318f89e79f0b3cca86bbdd"}
{"block_number": 177, "miner_hash": "0xE910c76B445e44bD60bE26875649a18c7940582c", "block_hash": "0x9a1cb5797f027e44d98ade4b73af451f61d4f946bef78496e16c0d8b17fe6df5", "block_time": 1703696929, "block_parent": "0xc2b5316613d1bd788d2cc951568dcd7f456fa616ef28011a36f5fa421256fbed"}
{"block_number": 178, "miner_hash": "0xF2B8874A4859cc5B9D4e018b5D5595b9Ed2FcBF2", "block_hash": "0xc8061d94ab964dfbf44e1b9f5d59ca8895db5cf85b943041578232a2ffe7e947", "block_time": 1703696930, "block_parent": "0x9a1cb5797f027e44d98ade4b73af451f61d4f946bef78496e16c0d8b17fe6df5"}
{"block_number": 179, "miner_hash": "0xbE3243C54e4073CcAb10d51A08D8aBD6d450b623", "block_hash": "0x4dd1a3eab8dbdaf847093f835357aa6d77165a73effef0328bbccf47174fd201", "block_time": 1703696931, "block_parent": "0xc8061d94ab964dfbf44e1b9f5d59ca8895db5cf85b943041578232a2ffe7e947"}
{"block_number": 180, "miner_hash": "0x3fF96a3597a91C582b6dAdd7D39984282275687C", "block_hash": "0xd7fda2932d86ac39b3358b45302a6f0672e1ec7e865c7cf98bc024cc4ccfcd0b", "block_time": 1703696932, "block_parent": "0x4dd1a3eab8dbdaf847093f835357aa6d77165a73effef0328bbccf47174fd201"}
{"block_number": 181, "miner_hash": "0x8A7D3aA97cCd091D4169d444fF79028a64314DE1", "block_hash": "0x3f57ed87fdfbadd2de3f47431fd8ecf6ea56e8e0db8ca77e78ced4a4804d7b61", "block_time": 1703696933, "block_parent": "0xd7fda2932d86ac39b3358b45302a6f0672e1ec7e865c7cf98bc024cc4ccfcd0b"}
{"block_number": 182, "miner_hash": "0xF2B8874A4859cc5B9D4e018b5D5595b9Ed2FcBF2", "block_hash": "0x74ed31cabbbea7463541b685e381538c0a623a6edf281f59b5465a8bd772589a", "block_time": 1703696934, "block_parent": "0x3f57ed87fdfbadd2de3f47431fd8ecf6ea56e8e0db8ca77e78ced4a4804d7b61"}
{"block_number": 183, "miner_hash": "0xC81470c83A386DEc5d251D763Acc834dD1987F47", "block_hash": "0x8b2bcb15d980d4c37170435cc2ecbcb2efb64ec64235b4c39a212fd455850599", "block_time": 1703696935, "block_parent": "0x74ed31cabbbea7463541b685e381538c0a623a6edf281f59b5465a8bd772589a"}
{"block_number": 184, "miner_hash": "0x3fF96a3597a91C582b6dAdd7D39984282275687C", "block_hash": "0x74808d63eb87fdf8b2fb32d92064edecf41023518dd17759a87e6680d77f993a", "block_time": 1703696936, "block_parent": "0x8b2bcb15d980d4c37170435cc2ecbcb2efb64ec64235b4c39a212fd455850599"}
{"block_number": 185, "miner_hash": "0x333f187bA12eB20beA5840BD2caD07D921A03f07", "block_hash": "0x10f34ef08bccff609b80974063694ce122693a68fe9edb1404e7dfa0aeea82dc", "block_time": 1703696937, "block_parent": "0x74808d63eb87fdf8b2fb32d92064edecf41023518dd17759a87e6680d77f993a"}
{"block_number": 186, "miner_hash": "0x3fF96a3597a91C582b6dAdd7D39984282275687C", "block_hash": "0x0e477fe6f8f433ad7ec452444ee4cc7abea28599e8bb78ef3c267214f0e674fa", "block_time": 1703696938, "block_parent": "0x10f34ef08bccff609b80974063694ce122693a68fe9edb1404e7dfa0aeea82dc"}
{"block_number": 187, "miner_hash": "0xe85979d35212ad38075919c52d9B91e371Ca23eC", "block_hash": "0x4a989074eea62390a55529a53da762b30cdf5edc434b5dd285fbf5e5e490c605", "block_time": 1703696939, "block_parent": "0x0e477fe6f8f433ad7ec452444ee4cc7abea28599e8bb78ef3c267214f0e674fa"}
{"block_number": 188, "miner_hash": "0x3fF96a3597a91C582b6dAdd7D39984282275687C", "block_hash": "0x90a36b4798c959dc29e4954cccddac72884f75c2854c0f5e0ebd5804ec5d2815", "block_time": 1703696940, "block_parent": "0x4a989074eea62390a55529a53da762b30cdf5edc434b5dd285fbf5e5e490c605"}
{"block_number": 189, "miner_hash": "0x8A7D3aA97cCd091D4169d444fF79028a64314DE1", "block_hash": "0x89845956e5cf2af82973b6afe0248dec98247531ff68acfe83c8d1de0e681173", "block_time": 1703696941, "block_parent": "0x90a36b4798c959dc29e4954cccddac72884f75c2854c0f5e0ebd5804ec5d2815"}
{"block_number": 190, "miner_hash": "0x3fF96a3597a91C582b6dAdd7D39984282275687C", "block_hash": "0xef50b61d95eb71e872e93b824cdfebaa629ff91c82d10e830de6b0a04b1d01d0", "block_time": 1703696942, "block_parent": "0x89845956e5cf2af82973b6afe0248dec98247531ff68acfe83c8d1de0e681173"}
{"block_number": 191, "miner_hash": "0xF2B8874A4859cc5B9D4e018b5D5595b9Ed2FcBF2", "block_hash": "0xd38cbca1b7c9a674e2262cd3ecc3a5d7d233cdfc78b33166f09550fb64e3f54c", "block_time": 1703696943, "block_parent": "0xef50b61d95eb71e872e93b824cdfebaa629ff91c82d10e830de6b0a04b1d01d0"}
{"block_number": 192, "miner_hash": "0x333f187bA12eB20beA5840BD2caD07D921A03f07", "block_hash": "0x74b1839ded8e1dd49a6b195dbc1818836bfabeddd8bedc4b6c05a4f9a08b6efb", "block_time": 1703696944, "block_parent": "0xd38cbca1b7c9a674e2262cd3ecc3a5d7d233cdfc78b33166f09550fb64e3f54c"}
{"block_number": 193, "miner_hash": "0xbE3243C54e4073CcAb10d51A08D8aBD6d450b623", "block_hash": "0x637312be8889c4878a1cc2f575dd1465c380a3f0acd7064785310395ccc774bc", "block_time": 1703696945, "block_parent": "0x74b1839ded8e1dd49a6b195dbc1818836bfabeddd8bedc4b6c05a4f9a08b6efb"}
{"block_number": 194, "miner_hash": "0xbE3243C54e4073CcAb10d51A08D8aBD6d450b623", "block_hash": "0x88f6df0d6b544e688272c79ca2a23eba9b9ad4fba73b11f9337236d79260cda5", "block_time": 1703696946, "block_parent": "0x637312be8889c4878a1cc2f575dd1465c380a3f0acd7064785310395ccc774bc"}
{"block_number": 195, "miner_hash": "0xe85979d35212ad38075919c52d9B91e371Ca23eC", "block_hash": "0x9c276c86c4fa674b7e8aefad5bec011675d56a1dc776096e4e91ea496f9f37ad", "block_time": 1703696947, "block_parent": "0x88f6df0d6b544e688272c79ca2a23eba9b9ad4fba73b11f9337236d79260cda5"}
{"block_number": 196, "miner_hash": "0xF2B8874A4859cc5B9D4e018b5D5595b9Ed2FcBF2", "block_hash": "0x8868d33bc1b8c7cb2af0f298af117f69b93c08fc4cbbe5023542d538aabffa58", "block_time": 1703696948, "block_parent": "0x9c276c86c4fa674b7e8aefad5bec011675d56a1dc776096e4e91ea496f9f37ad"}
{"block_number": 197, "miner_hash": "0x8A7D3aA97cCd091D4169d444fF79028a64314DE1", "block_hash": "0xf8d5c481028a3f1d77875c22d0d13ed04fd908486ffd2b064681e23d4581a9a2", "block_time": 1703696949, "block_parent": "0x8868d33bc1b8c7cb2af0f298af117f69b93c08fc4cbbe5023542d538aabffa58"}
{"block_number": 198, "miner_hash": "0xC81470c83A386DEc5d251D763Acc834dD1987F47", "block_hash": "0x1c9458c1b1a5cab94d7d17db6efdfba35cb9d09e0e04e264b3bbaba2d7db5cfb", "block_time": 1703696950, "block_parent": "0xf8d5c481028a3f1d77875c22d0d13ed04fd908486ffd2b064681e23d4581a9a2"}
{"block_number": 199, "miner_hash": "0x333f187bA12eB20beA5840BD2caD07D921A03f07", "block_hash": "0xf05090c976ed344104cb12f8576f9741e7e334c4b2f1c4d432b4882866613b1a", "block_time": 1703696951, "block_parent": "0x1c9458c1b1a5cab94d7d17db6efdfba35cb9d09e0e04e264b3bbaba2d7db5cfb"}
{"block_number": 200, "miner_hash": "0xE910c76B445e44bD60bE26875649a18c7940582c", "block_hash": "0x5d7872e2a40474ab41ef3877f230df38ed6e2064eb461e8aaad8087405f13b8e", "block_time": 1703696952, "block_parent": "0xf7f0edf2b76cdb75a192f4f3075475fbc60162d5306b543da8c961f36fd99862"}
{"block_number": 201, "miner_hash": "0xbE3243C54e4073CcAb10d51A08D8aBD6d450b623", "block_hash": "0xe00f036a92898c736d7746c09f9cc9ce748995c3bf043eedb1659027a34ab049", "block_time": 1703696953, "block_parent": "0x5d7872e2a40474ab41ef3877f230df38ed6e2064eb461e8aaad8087405f13b8e"}
{"block_number": 202, "miner_hash": "0xbE3243C54e4073CcAb10d51A08D8aBD6d450b623", "block_hash": "0x3da6019f6042a886b10a6d9817fc5ca28c3e7c71f73cb3a67c5252cfcfa42811", "block_time": 1703696954, "block_parent": "0xe00f036a92898c736d7746c09f9cc9ce748995c3bf043eedb1659027a34ab049"}
{"block_number": 203, "miner_hash": "0x8A7D3aA97cCd091D4169d444fF79028a64314DE1", "block_hash": "0xc03e3b543b85049cce77b355ce9d1167240cfb5a11eb71242ff4c4d4b3b4d52b", "block_time": 1703696955, "block_parent": "0x3da6019f6042a886b10a6d9817fc5ca28c3e7c71f73cb3a67c5252cfcfa42811"}
{"block_number": 204, "miner_hash": "0xF2B8874A4859cc5B9D4e018b5D5595b9Ed2FcBF2", "block_hash": "0x9d291f99e5767b9f90b8e2438b6929ed98c22af51a809bbc0da00c0b497be8b9", "block_time": 1703696956, "block_parent": "0xc03e3b543b85049cce77b355ce9d1167240cfb5a11eb71242ff4c4d4b3b4d52b"}
{"block_number": 205, "miner_hash": "0xF2B8874A4859cc5B9D4e018b5D5595b9Ed2FcBF2", "block_hash": "0x71bd32aa6c56203deecb68dff9b53f1c19ae383d6ae28c57412705392ac3df46", "block_time": 1703696957, "block_parent": "0x9d291f99e5767b9f90b8e2438b6929ed98c22af51a809bbc0da00c0b497be8b9"}
{"block_number": 206, "miner_hash": "0xE910c76B445e44bD60bE26875649a18c7940582c", "block_hash": "0x56425e481197df4af8fd7a3da9fe5bd088a24c704754aaf11c3ffebf04952e32", "block_time": 1703696958, "block_parent": "0x71bd32aa6c56203deecb68dff9b53f1c19ae383d6ae28c57412705392ac3df46"}
{"block_number": 207, "miner_hash": "0xE910c76B445e44bD60bE26875649a18c7940582c", "block_hash": "0x7ccfcb8e6dcac364d0ef6cf73c3b8ef3781075f08ff40fecb6b64e4195ca69e3", "block_time": 1703696959, "block_parent": "0x56425e481197df4af8fd7a3da9fe5bd088a24c704754aaf11c3ffebf04952e32"}
{"block_number": 208, "miner_hash": "0x3fF96a3597a91C582b6dAdd7D39984282275687C", "block_hash": "0xf3d093b453566edb91229e1a0f123b34e5c571917f4c24751d5536301ff66ad3", "block_time": 1703696960, "block_parent": "0x7ccfcb8e6dcac364d0ef6cf73c3b8ef3781075f08ff40fecb6b64e4195ca69e3"}
{"block_number": 209, "miner_hash": "0xC81470c83A386DEc5d251D763Acc834dD1987F47", "block_hash": "0x64b10c3b0b3b945b59699d3cb88e0abb1ac75bd6e907dbb5a857313a590d492a", "block_time": 1703696961, "block_parent": "0xf3d093b453566edb91229e1a0f123b34e5c571917f4c24751d5536301ff66ad3"}
{"block_number": 210, "miner_hash": "0xF2B8874A4859cc5B9D4e018b5D5595b9Ed2FcBF2", "block_hash": "0x64397f367352854d5459671547f42fbce50a357afd410143ad30b7e538e3d4c9", "block_time": 1703696962, "block_parent": "0x64b10c3b0b3b945b59699d3cb88e0abb1ac75bd6e907dbb5a857313a590d492a"}
{"block_number": 211, "miner_hash": "0xe85979d35212ad38075919c52d9B91e371Ca23eC", "block_hash": "0xf514058fa5fbee83e6f4782a95236c5ff60e84125830133dbb623f7785b8e106", "block_time": 1703696963, "block_parent": "0x64397f367352854d5459671547f42fbce50a357afd410143ad30b7e538e3d4c9"}
{"block_number": 212, "miner_hash": "0x3fF96a3597a91C582b6dAdd7D39984282275687C", "block_hash": "0xa3169ae22b3e7aeebed5ba432108ad8d49837435a8968cd1da0ecdd7989e1e15", "block_time": 1703696964, "block_parent": "0xf514058fa5fbee83e6f4782a95236c5ff60e84125830133dbb623f7785b8e106"}
{"block_number": 213, "miner_hash": "0xC81470c83A386DEc5d251D763Acc834dD1987F47", "block_hash": "0xa827dfe988570ffec269b823ed85adb15db5fd549526a10fb8d81c5ca57505cd", "block_time": 1703696965, "block_parent": "0xa3169ae22b3e7aeebed5ba432108ad8d49837435a8968cd1da0ecdd7989e1e15"}
{"block_number": 214, "miner_hash": "0xC81470c83A386DEc5d251D763Acc834dD1987F47", "block_hash": "0x494cdc7f0e943fd57d89002d140a3a5dc61f02cbc70ee8dd216a6ea282ee25d2", "block_time": 1703696966, "block_parent": "0xa827dfe988570ffec269b823ed85adb15db5fd549526a10fb8d81c5ca57505cd"}
{"block_number": 215, "miner_hash": "0xe85979d35212ad38075919c52d9B91e371Ca23eC", "block_hash": "0xe4b04e93102165e58cea309ec8b4403580db09cd705f87ff23069341d73b4353", "block_time": 1703696967, "block_parent": "0x494cdc7f0e943fd57d89002d140a3a5dc61f02cbc70ee8dd216a6ea282ee25d2"}
{"block_number": 216, "miner_hash": "0x333f187bA12eB20beA5840BD2caD07D921A03f07", "block_hash": "0x742eee6c3d177232dfbd0b8b0433e4adf7079ea278943cd41e6d19825fd1df2f", "block_time": 1703696970, "block_parent": "0xe4b04e93102165e58cea309ec8b4403580db09cd705f87ff23069341d73b4353"}
{"block_number": 217, "miner_hash": "0x333f187bA12eB20beA5840BD2caD07D921A03f07", "block_hash": "0xf3a4be038f01725a9ec90c000dc04d4b8f937fe138637fa39a58ec219c7a6677", "block_time": 1703696971, "block_parent": "0x742eee6c3d177232dfbd0b8b0433e4adf7079ea278943cd41e6d19825fd1df2f"}
{"block_number": 218, "miner_hash": "0xF2B8874A4859cc5B9D4e018b5D5595b9Ed2FcBF2", "block_hash": "0x1e7ce4c4a1166e88bf631fdfb9894d00e184f6364747c1fac6b28de1131364b2", "block_time": 1703696972, "block_parent": "0xf3a4be038f01725a9ec90c000dc04d4b8f937fe138637fa39a58ec219c7a6677"}
{"block_number": 219, "miner_hash": "0xF2B8874A4859cc5B9D4e018b5D5595b9Ed2FcBF2", "block_hash": "0x00757c762981aa1a8c5147926c64a6c49aa8d5a4d28d035d4e281fb2853fa7f9", "block_time": 1703696973, "block_parent": "0x1e7ce4c4a1166e88bf631fdfb9894d00e184f6364747c1fac6b28de1131364b2"}
{"block_number": 220, "miner_hash": "0x333f187bA12eB20beA5840BD2caD07D921A03f07", "block_hash": "0x5498c5003b7600a1c2b442dd3d15c62c4fd2f5bd4e8f842bc01d2f2c28a8a041", "block_time": 1703696974, "block_parent": "0x00757c762981aa1a8c5147926c64a6c49aa8d5a4d28d035d4e281fb2853fa7f9"}
{"block_number": 221, "miner_hash": "0xe85979d35212ad38075919c52d9B91e371Ca23eC", "block_hash": "0xcbd6067be66fcb00f5c7bf28d6bb8654af9e3fdefeea3f70d2f717c7cbe4fad3", "block_time": 1703696977, "block_parent": "0x5498c5003b7600a1c2b442dd3d15c62c4fd2f5bd4e8f842bc01d2f2c28a8a041"}
{"block_number": 222, "miner_hash": "0x3fF96a3597a91C582b6dAdd7D39984282275687C", "block_hash": "0x491c79dcc9920e29175dcfdcc4678695443c4ee277110eac4597ed0ccdc5a3a5", "block_time": 1703696978, "block_parent": "0xcbd6067be66fcb00f5c7bf28d6bb8654af9e3fdefeea3f70d2f717c7cbe4fad3"}
{"block_number": 223, "miner_hash": "0x333f187bA12eB20beA5840BD2caD07D921A03f07", "block_hash": "0x343c7390e6751d151a87b8808cc5610b5db1b338b9a8d0305be5eb4982cbb07c", "block_time": 1703696979, "block_parent": "0x491c79dcc9920e29175dcfdcc4678695443c4ee277110eac4597ed0ccdc5a3a5"}
{"block_number": 224, "miner_hash": "0xe85979d35212ad38075919c52d9B91e371Ca23eC", "block_hash": "0xdbfd68b686bc8b97a373045872017eadc4e4ab17cc7464b3e22da82eb0847a80", "block_time": 1703696980, "block_parent": "0x343c7390e6751d151a87b8808cc5610b5db1b338b9a8d0305be5eb4982cbb07c"}
{"block_number": 225, "miner_hash": "0x3fF96a3597a91C582b6dAdd7D39984282275687C", "block_hash": "0xe1789f05d261c8e523e665579baa460c734e865798739d86537315a6f874fa05", "block_time": 1703696981, "block_parent": "0xdbfd68b686bc8b97a373045872017eadc4e4ab17cc7464b3e22da82eb0847a80"}
{"block_number": 226, "miner_hash": "0x3fF96a3597a91C582b6dAdd7D39984282275687C", "block_hash": "0x5e75ffa93e00114c62ebeebd0ddc909bba8d9ab74e745ef71837486c4c975093", "block_time": 1703696982, "block_parent": "0xe1789f05d261c8e523e665579baa460c734e865798739d86537315a6f874fa05"}
{"block_number": 227, "miner_hash": "0xF2B8874A4859cc5B9D4e018b5D5595b9Ed2FcBF2", "block_hash": "0xb08ad1e31ba9eb322f58378291e42d8e5947b6c65b87427e82a97fc3a5a27db4", "block_time": 1703696983, "block_parent": "0x5e75ffa93e00114c62ebeebd0ddc909bba8d9ab74e745ef71837486c4c975093"}
{"block_number": 228, "miner_hash": "0x333f187bA12eB20beA5840BD2caD07D921A03f07", "block_hash": "0x276ff8012c120f8bf69a16a22322bcca86c542ec1a2bac945a4b999bd9997fd1", "block_time": 1703696984, "block_parent": "0xb08ad1e31ba9eb322f58378291e42d8e5947b6c65b87427e82a97fc3a5a27db4"}
{"block_number": 229, "miner_hash": "0x333f187bA12eB20beA5840BD2caD07D921A03f07", "block_hash": "0x09b8be9195f33d810adeafdae6e3818192e574cab05b2bf845fdae6c962b8fe6", "block_time": 1703696985, "block_parent": "0x276ff8012c120f8bf69a16a22322bcca86c542ec1a2bac945a4b999bd9997fd1"}
{"block_number": 230, "miner_hash": "0xC81470c83A386DEc5d251D763Acc834dD1987F47", "block_hash": "0xbf7c4634ca163ee4640fa89d0c01401597872d00d2da86450f2c25b0416ba343", "block_time": 1703696986, "block_parent": "0x09b8be9195f33d810adeafdae6e3818192e574cab05b2bf845fdae6c962b8fe6"}
{"block_number": 231, "miner_hash": "0xbE3243C54e4073CcAb10d51A08D8aBD6d450b623", "block_hash": "0x53c7e531d1667f87184e489fdeecc42fd633cd441834d931b54fbe7ab3f84213", "block_time": 1703696987, "block_parent": "0xbf7c4634ca163ee4640fa89d0c01401597872d00d2da86450f2c25b0416ba343"}
{"block_number": 232, "miner_hash": "0x3fF96a3597a91C582b6dAdd7D39984282275687C", "block_hash": "0xd373f757e52dcf7f956577c7389260b251fd27051c82f830f6dc5ca2f28f1c1a", "block_time": 1703696989, "block_parent": "0x53c7e531d1667f87184e489fdeecc42fd633cd441834d931b54fbe7ab3f84213"}
{"block_number": 233, "miner_hash": "0x3fF96a3597a91C582b6dAdd7D39984282275687C", "block_hash": "0x3058435e5bf59db863a534950d9a5879278f1a9a24dde7c17c5de1cb8dea4088", "block_time": 1703696990, "block_parent": "0xd373f757e52dcf7f956577c7389260b251fd27051c82f830f6dc5ca2f28f1c1a"}
{"block_number": 234, "miner_hash": "0xE910c76B445e44bD60bE26875649a18c7940582c", "block_hash": "0x1ac6a0befa22d56cae14fee9e71d0f1134980123eba8229969d3cce861029b12", "block_time": 1703696991, "block_parent": "0x3058435e5bf59db863a534950d9a5879278f1a9a24dde7c17c5de1cb8dea4088"}
{"block_number": 235, "miner_hash": "0x333f187bA12eB20beA5840BD2caD07D921A03f07", "block_hash": "0x5bc91fa80e2ffe0356919f25fb2dfc2337a60defed00f7812e15b2fe2e9ed8e9", "block_time": 1703696992, "block_parent": "0x1ac6a0befa22d56cae14fee9e71d0f1134980123eba8229969d3cce861029b12"}
{"block_number": 236, "miner_hash": "0xC81470c83A386DEc5d251D763Acc834dD1987F47", "block_hash": "0x02c07ab6ee6da5b8ed9d4eba8b168c74f66b80407689ed56a319ea86cfcd03a8", "block_time": 1703696993, "block_parent": "0x8df29ee2ba813a4bbf90a15aa19113e06654b806e45ab48680510800706392ae"}
{"block_number": 237, "miner_hash": "0x8A7D3aA97cCd091D4169d444fF79028a64314DE1", "block_hash": "0x1daa30bf5c1ed3a0411ad52aa387d99819d7092937e942bdffa614a8e521d826", "block_time": 1703696994, "block_parent": "0x02c07ab6ee6da5b8ed9d4eba8b168c74f66b80407689ed56a319ea86cfcd03a8"}
{"block_number": 238, "miner_hash": "0xbE3243C54e4073CcAb10d51A08D8aBD6d450b623", "block_hash": "0x19a8effa543de30e8fadd3e464d0542755dc342771712764c5946f3163740722", "block_time": 1703696995, "block_parent": "0x1daa30bf5c1ed3a0411ad52aa387d99819d7092937e942bdffa614a8e521d826"}
{"block_number": 239, "miner_hash": "0xbE3243C54e4073CcAb10d51A08D8aBD6d450b623", "block_hash": "0x456a95b915d8064e4d7212e8b9de1dd106c97dcf42b8a4a6602bb2adc929ee37", "block_time": 1703696996, "block_parent": "0x19a8effa543de30e8fadd3e464d0542755dc342771712764c5946f3163740722"}
{"block_number": 240, "miner_hash": "0x8A7D3aA97cCd091D4169d444fF79028a64314DE1", "block_hash": "0x2ee5169cb97632d13f6e51daf60f7036b1d3fc300ad0bcc4ed32e9aa56a8775c", "block_time": 1703696997, "block_parent": "0x456a95b915d8064e4d7212e8b9de1dd106c97dcf42b8a4a6602bb2adc929ee37"}
{"block_number": 241, "miner_hash": "0x3fF96a3597a91C582b6dAdd7D39984282275687C", "block_hash": "0xbaa0926d45fad39d21de3a21f7c6cf19855e476b4a5dd18d69b8bc37a2fed21d", "block_time": 1703696998, "block_parent": "0x2ee5169cb97632d13f6e51daf60f7036b1d3fc300ad0bcc4ed32e9aa56a8775c"}
{"block_number": 242, "miner_hash": "0xbE3243C54e4073CcAb10d51A08D8aBD6d450b623", "block_hash": "0xf55fa0d8d9964dc8ecf64906a6488dcb0c84b16373d6092275f26802acf6458b", "block_time": 1703696999, "block_parent": "0xbaa0926d45fad39d21de3a21f7c6cf19855e476b4a5dd18d69b8bc37a2fed21d"}
{"block_number": 243, "miner_hash": "0x3fF96a3597a91C582b6dAdd7D39984282275687C", "block_hash": "0x5d5588bd829c40c7e1f0bc9feed670b6ca207369ba8982e8d01d1e5d479ec552", "block_time": 1703697000, "block_parent": "0xf55fa0d8d9964dc8ecf64906a6488dcb0c84b16373d6092275f26802acf6458b"}
{"block_number": 244, "miner_hash": "0x333f187bA12eB20beA5840BD2caD07D921A03f07", "block_hash": "0xb5a267cc5a39ee2c8f7be010041ab08d9ad55d13c0963d835f2d310228b6d119", "block_time": 1703697001, "block_parent": "0x5d5588bd829c40c7e1f0bc9feed670b6ca207369ba8982e8d01d1e5d479ec552"}
{"block_number": 245, "miner_hash": "0xF2B8874A4859cc5B9D4e018b5D5595b9Ed2FcBF2", "block_hash": "0x6b8a0d4180ae6aa4f0cf626ccafb549e89fe01b95d04aa80559c583d8753b977", "block_time": 1703697002, "block_parent": "0xb5a267cc5a39ee2c8f7be010041ab08d9ad55d13c0963d835f2d310228b6d119"}
{"block_number": 246, "miner_hash": "0xe85979d35212ad38075919c52d9B91e371Ca23eC", "block_hash": "0x989b4fdb5c23dcb139b64080d6f75d0e3dd99bf3a22d5b06603ba7360a3e94b2", "block_time": 1703697003, "block_parent": "0x6b8a0d4180ae6aa4f0cf626ccafb549e89fe01b95d04aa80559c583d8753b977"}
{"block_number": 247, "miner_hash": "0xe85979d35212ad38075919c52d9B91e371Ca23eC", "block_hash": "0x2c83aedf306380ad2fa5d06e0fde48653baebf4e5af74a76529daa3867e6ed9e", "block_time": 1703697004, "block_parent": "0x989b4fdb5c23dcb139b64080d6f75d0e3dd99bf3a22d5b06603ba7360a3e94b2"}
{"block_number": 248, "miner_hash": "0x8A7D3aA97cCd091D4169d444fF79028a64314DE1", "block_hash": "0x50e23db3d47c4a66754b3da2eb7efe4981889cd1e885955f5b2e1c17d8ba6e92", "block_time": 1703697005, "block_parent": "0x2c83aedf306380ad2fa5d06e0fde48653baebf4e5af74a76529daa3867e6ed9e"}
{"block_number": 249, "miner_hash": "0x333f187bA12eB20beA5840BD2caD07D921A03f07", "block_hash": "0x3674285d4f3c711e5d17544b14f06739e7524c2fc199d015df62d3af5f4d7493", "block_time": 1703697006, "block_parent": "0x50e23db3d47c4a66754b3da2eb7efe4981889cd1e885955f5b2e1c17d8ba6e92"}
{"block_number": 250, "miner_hash": "0xF2B8874A4859cc5B9D4e018b5D5595b9Ed2FcBF2", "block_hash": "0x99a874d45c62c81c1f5a0db2b8a70d9afe370f610a4eaf8184d305fbffa3af29", "block_time": 1703697007, "block_parent": "0xe926a5072322d9fb34569ac834ad9e30096e6209ff5aa18a07c11a230c746afe"}
{"block_number": 251, "miner_hash": "0xe85979d35212ad38075919c52d9B91e371Ca23eC", "block_hash": "0xecdcd02a1ae5c4a5053f387c34b321bc96d22341d26b0ff7272e4967e9d55245", "block_time": 1703697008, "block_parent": "0x99a874d45c62c81c1f5a0db2b8a70d9afe370f610a4eaf8184d305fbffa3af29"}
{"block_number": 252, "miner_hash": "0xF2B8874A4859cc5B9D4e018b5D5595b9Ed2FcBF2", "block_hash": "0x95c7d8ce04be4531d2927a5c4836dea92c59057fe60ee280607eee261d8148e8", "block_time": 1703697009, "block_parent": "0xecdcd02a1ae5c4a5053f387c34b321bc96d22341d26b0ff7272e4967e9d55245"}
{"block_number": 253, "miner_hash": "0xF2B8874A4859cc5B9D4e018b5D5595b9Ed2FcBF2", "block_hash": "0x53360e2955e3361b9841cbf2a8433baac5f1fdb997c8a20aeb138723f3023cab", "block_time": 1703697010, "block_parent": "0x95c7d8ce04be4531d2927a5c4836dea92c59057fe60ee280607eee261d8148e8"}
{"block_number": 254, "miner_hash": "0x8A7D3aA97cCd091D4169d444fF79028a64314DE1", "block_hash": "0xf3c2f1a92313ddfcc1047111b381021bf446bd230c06d06cf6ba7d91041d96ff", "block_time": 1703697011, "block_parent": "0x53360e2955e3361b9841cbf2a8433baac5f1fdb997c8a20aeb138723f3023cab"}
{"block_number": 255, "miner_hash": "0xF2B8874A4859cc5B9D4e018b5D5595b9Ed2FcBF2", "block_hash": "0xfa63221e80cad3de988048f4bba5447f1ea19536585bc24c2be2e5a05468f642", "block_time": 1703697012, "block_parent": "0xf3c2f1a92313ddfcc1047111b381021bf446bd230c06d06cf6ba7d91041d96ff"}
{"block_number": 256, "miner_hash": "0xF2B8874A4859cc5B9D4e018b5D5595b9Ed2FcBF2", "block_hash": "0xbf3cac61eed768d771b48d1914580c5392dd9c2828b3de42e50ff1018c24365e", "block_time": 1703697013, "block_parent": "0xfa63221e80cad3de988048f4bba5447f1ea19536585bc24c2be2e5a05468f642"}
{"block_number": 257, "miner_hash": "0xC81470c83A386DEc5d251D763Acc834dD1987F47", "block_hash": "0xecbb4d4f005d3802e5c651f75009ec7fbc3f60c96d1eca2be22014e4781bf134", "block_time": 1703697014, "block_parent": "0xbf3cac61eed768d771b48d1914580c5392dd9c2828b3de42e50ff1018c24365e"}
{"block_number": 258, "miner_hash": "0xC81470c83A386DEc5d251D763Acc834dD1987F47", "block_hash": "0x8863fedad88fc4c06ea372a1150d474bc3c8af2d2b12779ed32e16e864ced860", "block_time": 1703697015, "block_parent": "0xecbb4d4f005d3802e5c651f75009ec7fbc3f60c96d1eca2be22014e4781bf134"}
{"block_number": 259, "miner_hash": "0xF2B8874A4859cc5B9D4e018b5D5595b9Ed2FcBF2", "block_hash": "0x4a59273f4366d46e3c503b9b33fac956b71ca822bbb22ff837f4e166c7ed8332", "block_time": 1703697016, "block_parent": "0x8863fedad88fc4c06ea372a1150d474bc3c8af2d2b12779ed32e16e864ced860"}
{"block_number": 260, "miner_hash": "0xC81470c83A386DEc5d251D763Acc834dD1987F47", "block_hash": "0x7a9fdf5004f56551cf965727606db813371951caab0cc36b004336c3c180e14e", "block_time": 1703697017, "block_parent": "0x4a59273f4366d46e3c503b9b33fac956b71ca822bbb22ff837f4e166c7ed8332"}
{"block_number": 261, "miner_hash": "0x3fF96a3597a91C582b6dAdd7D39984282275687C", "block_hash": "0xdd3a55b29badfd77f1858b67f06a2344e8a59cf5eb831cee3d6294677f00c3a7", "block_time": 1703697018, "block_parent": "0x7a9fdf5004f56551cf965727606db813371951caab0cc36b004336c3c180e14e"}
{"block_number": 262, "miner_hash": "0xe85979d35212ad38075919c52d9B91e371Ca23eC", "block_hash": "0x8b8f5208b81a3b4b0fca8dbc08530fcafe378eb4c7e4999860080a9a05d96105", "block_time": 1703697019, "block_parent": "0xdd3a55b29badfd77f1858b67f06a2344e8a59cf5eb831cee3d6294677f00c3a7"}
{"block_number": 263, "miner_hash": "0x3fF96a3597a91C582b6dAdd7D39984282275687C", "block_hash": "0xfc7235a485976ffaaf408f784348afed5f52bbee110fd71c8b6a6753f30a8212", "block_time": 1703697020, "block_parent": "0x8b8f5208b81a3b4b0fca8dbc08530fcafe378eb4c7e4999860080a9a05d96105"}
{"block_number": 264, "miner_hash": "0x8A7D3aA97cCd091D4169d444fF79028a64314DE1", "block_hash": "0x4e8b269f7903ca13816d3ce609ac1de958d80e159868f64abb1c00d2d6a60871", "block_time": 1703697021, "block_parent": "0xfc7235a485976ffaaf408f784348afed5f52bbee110fd71c8b6a6753f30a8212"}
{"block_number": 265, "miner_hash": "0xF2B8874A4859cc5B9D4e018b5D5595b9Ed2FcBF2", "block_hash": "0xdc143420217633d44204f1d71e3bbf64ba4a49291001f78645c7de7e8bf58f9e", "block_time": 1703697022, "block_parent": "0x4e8b269f7903ca13816d3ce609ac1de958d80e159868f64abb1c00d2d6a60871"}
{"block_number": 266, "miner_hash": "0xF2B8874A4859cc5B9D4e018b5D5595b9Ed2FcBF2", "block_hash": "0xf477db0710b2126012a934c8c8a0bf52f80d94296a6cdfeb02c6b87572f734a2", "block_time": 1703697023, "block_parent": "0xdc143420217633d44204f1d71e3bbf64ba4a49291001f78645c7de7e8bf58f9e"}
{"block_number": 267, "miner_hash": "0xC81470c83A386DEc5d251D763Acc834dD1987F47", "block_hash": "0x4e388fc6b0f68f87dea7a5ca0b7e0cbf72b31819e68b845e3c823808c0c1e073", "block_time": 1703697024, "block_parent": "0xf477db0710b2126012a934c8c8a0bf52f80d94296a6cdfeb02c6b87572f734a2"}
{"block_number": 268, "miner_hash": "0xC81470c83A386DEc5d251D763Acc834dD1987F47", "block_hash": "0x0a1ce05338c4ab7f0c142dd8b094dbb5e0d6fa2834385884c252a37bbbf7c409", "block_time": 1703697025, "block_parent": "0x4e388fc6b0f68f87dea7a5ca0b7e0cbf72b31819e68b845e3c823808c0c1e073"}
{"block_number": 269, "miner_hash": "0xF2B8874A4859cc5B9D4e018b5D5595b9Ed2FcBF2", "block_hash": "0xce9ec2653274881f73d54aa5f9f4f08db09b4359bb6ed446d3180081e55ed543", "block_time": 1703697026, "block_parent": "0x0a1ce05338c4ab7f0c142dd8b094dbb5e0d6fa2834385884c252a37bbbf7c409"}
{"block_number": 270, "miner_hash": "0xF2B8874A4859cc5B9D4e018b5D5595b9Ed2FcBF2", "block_hash": "0xa824336edc374d05f0ac91e182830837bb9d0fb521c9c3b4418fb5170739e502", "block_time": 1703697027, "block_parent": "0xce9ec2653274881f73d54aa5f9f4f08db09b4359bb6ed446d3180081e55ed543"}
{"block_number": 271, "miner_hash": "0xC81470c83A386DEc5d251D763Acc834dD1987F47", "block_hash": "0xa0d52325bb5af635e6a498919f308c694f9e2db232c0a884e501a29dc1104580", "block_time": 1703697028, "block_parent": "0xa824336edc374d05f0ac91e182830837bb9d0fb521c9c3b4418fb5170739e502"}
{"block_number": 272, "miner_hash": "0xbE3243C54e4073CcAb10d51A08D8aBD6d450b623", "block_hash": "0x137a1b19d9ef677dfca3827ac493bf41d701fb255dcd8f61fb5299dee9b42a17", "block_time": 1703697029, "block_parent": "0xa0d52325bb5af635e6a498919f308c694f9e2db232c0a884e501a29dc1104580"}
{"block_number": 273, "miner_hash": "0xC81470c83A386DEc5d251D763Acc834dD1987F47", "block_hash": "0x48e98650087906ca8e1049a8d4e91258532c40b9f81a11720c7f37d86520f63b", "block_time": 1703697030, "block_parent": "0x137a1b19d9ef677dfca3827ac493bf41d701fb255dcd8f61fb5299dee9b42a17"}
{"block_number": 274, "miner_hash": "0xC81470c83A386DEc5d251D763Acc834dD1987F47", "block_hash": "0xd90fb7af8abf5fe90db08899b65ac9380d13b205bc152c4adc801a0c15cf05de", "block_time": 1703697031, "block_parent": "0x48e98650087906ca8e1049a8d4e91258532c40b9f81a11720c7f37d86520f63b"}
{"block_number": 275, "miner_hash": "0xe85979d35212ad38075919c52d9B91e371Ca23eC", "block_hash": "0xf5169cf5efd7c1c8b93789f6bb5b0aeae61e96d7d6345cce44a0296269b15e95", "block_time": 1703697032, "block_parent": "0xd90fb7af8abf5fe90db08899b65ac9380d13b205bc152c4adc801a0c15cf05de"}
{"block_number": 276, "miner_hash": "0x333f187bA12eB20beA5840BD2caD07D921A03f07", "block_hash": "0x570daaab4b8ab558f06a922f9ac40b5aeaaefbe4a35dda83f7bab4f524e0d323", "block_time": 1703697033, "block_parent": "0xf5169cf5efd7c1c8b93789f6bb5b0aeae61e96d7d6345cce44a0296269b15e95"}
{"block_number": 277, "miner_hash": "0xe85979d35212ad38075919c52d9B91e371Ca23eC", "block_hash": "0x4f3763355aa4f84285e7b97a7625162bd73e6a34497c22dfc278658439372df5", "block_time": 1703697034, "block_parent": "0x570daaab4b8ab558f06a922f9ac40b5aeaaefbe4a35dda83f7bab4f524e0d323"}
{"block_number": 278, "miner_hash": "0xC81470c83A386DEc5d251D763Acc834dD1987F47", "block_hash": "0xc06f59e5686cc38b84d0c4ca7ad8f83220bc9eb2261637e4a37985b221aba57b", "block_time": 1703697035, "block_parent": "0x4f3763355aa4f84285e7b97a7625162bd73e6a34497c22dfc278658439372df5"}
{"block_number": 278, "miner_hash": "0xF2B8874A4859cc5B9D4e018b5D5595b9Ed2FcBF2", "block_hash": "0x46006de0fd4769b8d6daf16196bf9bf01d2964e9021a92f40834f4569c859102", "block_time": 1703697035, "block_parent": "0x4f3763355aa4f84285e7b97a7625162bd73e6a34497c22dfc278658439372df5"}
{"block_number": 279, "miner_hash": "0xC81470c83A386DEc5d251D763Acc834dD1987F47", "block_hash": "0x499f1718106d992df8e7b5095da6a2642c4234d19de0eed4400109f430f5b907", "block_time": 1703697036, "block_parent": "0xc06f59e5686cc38b84d0c4ca7ad8f83220bc9eb2261637e4a37985b221aba57b"}
{"block_number": 280, "miner_hash": "0xF2B8874A4859cc5B9D4e018b5D5595b9Ed2FcBF2", "block_hash": "0x32089ec31ae440a127ee712a659a8761fc388a318458d380a0f05a2ccb1a3d2b", "block_time": 1703697037, "block_parent": "0x499f1718106d992df8e7b5095da6a2642c4234d19de0eed4400109f430f5b907"}
{"block_number": 281, "miner_hash": "0xe85979d35212ad38075919c52d9B91e371Ca23eC", "block_hash": "0x9743d9ad7aee9e345fb3f25e1a64510b2e232a56a3613a7779e0515e7e05680b", "block_time": 1703697038, "block_parent": "0x32089ec31ae440a127ee712a659a8761fc388a318458d380a0f05a2ccb1a3d2b"}
{"block_number": 282, "miner_hash": "0xbE3243C54e4073CcAb10d51A08D8aBD6d450b623", "block_hash": "0x54b281ccd0c64581da9b230dbeddab22dbd6109704b620a6e601d313a5a9f08a", "block_time": 1703697039, "block_parent": "0x9743d9ad7aee9e345fb3f25e1a64510b2e232a56a3613a7779e0515e7e05680b"}
{"block_number": 283, "miner_hash": "0x8A7D3aA97cCd091D4169d444fF79028a64314DE1", "block_hash": "0x35cf0fe2e01a8b2514d6879ffa0b0a8855d2461b90a00dee928eec1244517b90", "block_time": 1703697040, "block_parent": "0x54b281ccd0c64581da9b230dbeddab22dbd6109704b620a6e601d313a5a9f08a"}
{"block_number": 284, "miner_hash": "0xe85979d35212ad38075919c52d9B91e371Ca23eC", "block_hash": "0x728c1b91a27775d422c3d0c01acb0f8877b1950e4ea5c52e0885948649f539c0", "block_time": 1703697041, "block_parent": "0x35cf0fe2e01a8b2514d6879ffa0b0a8855d2461b90a00dee928eec1244517b90"}
{"block_number": 285, "miner_hash": "0xe85979d35212ad38075919c52d9B91e371Ca23eC", "block_hash": "0xc61a4b51fe25e9cb8fbc8e109b272fadb9ffe9cf17c2a90a742381d49a180b68", "block_time": 1703697042, "block_parent": "0x728c1b91a27775d422c3d0c01acb0f8877b1950e4ea5c52e0885948649f539c0"}
{"block_number": 285, "miner_hash": "0x8A7D3aA97cCd091D4169d444fF79028a64314DE1", "block_hash": "0xaf7ae817a9058ac78df3fffe155908a3c2d733e046f21da78d56912be4daf437", "block_time": 1703697042, "block_parent": "0x728c1b91a27775d422c3d0c01acb0f8877b1950e4ea5c52e0885948649f539c0"}
{"block_number": 286, "miner_hash": "0x3fF96a3597a91C582b6dAdd7D39984282275687C", "block_hash": "0x2a491c94d5db460f64610d2db6caaf03d7a3fc27fa852b96112579c4dfb29e66", "block_time": 1703697043, "block_parent": "0xc61a4b51fe25e9cb8fbc8e109b272fadb9ffe9cf17c2a90a742381d49a180b68"}
{"block_number": 287, "miner_hash": "0xe85979d35212ad38075919c52d9B91e371Ca23eC", "block_hash": "0xa7b7d3f61afa4cf03724ce52721bbd62f3cb6daa75667042dba2cd178b2db191", "block_time": 1703697044, "block_parent": "0x2a491c94d5db460f64610d2db6caaf03d7a3fc27fa852b96112579c4dfb29e66"}
{"block_number": 288, "miner_hash": "0xbE3243C54e4073CcAb10d51A08D8aBD6d450b623", "block_hash": "0x51b9d383409ddc2a3f63e0519bfd0677bc9c0ce8cbbc3a98c19bbdf2c6366e35", "block_time": 1703697045, "block_parent": "0xa7b7d3f61afa4cf03724ce52721bbd62f3cb6daa75667042dba2cd178b2db191"}
{"block_number": 289, "miner_hash": "0x3fF96a3597a91C582b6dAdd7D39984282275687C", "block_hash": "0x42b258accf1d5fd839be32768cffb2a4e4a7de3e98be8b4e578b58f0bdd90aed", "block_time": 1703697046, "block_parent": "0x51b9d383409ddc2a3f63e0519bfd0677bc9c0ce8cbbc3a98c19bbdf2c6366e35"}
{"block_number": 290, "miner_hash": "0x333f187bA12eB20beA5840BD2caD07D921A03f07", "block_hash": "0x2019ec9eedda323880adf2d2508325da151a32f196be8f9c121b3c1b39cc388f", "block_time": 1703697047, "block_parent": "0x42b258accf1d5fd839be32768cffb2a4e4a7de3e98be8b4e578b58f0bdd90aed"}
{"block_number": 291, "miner_hash": "0xF2B8874A4859cc5B9D4e018b5D5595b9Ed2FcBF2", "block_hash": "0x404195c375b2829537284e870834e04955d2ec4165f96638dedf28b288ad0a36", "block_time": 1703697048, "block_parent": "0x2019ec9eedda323880adf2d2508325da151a32f196be8f9c121b3c1b39cc388f"}
{"block_number": 292, "miner_hash": "0xC81470c83A386DEc5d251D763Acc834dD1987F47", "block_hash": "0x9b69d084b1e4d16a55011c80581c7345d9510fc5ed7e7bdce6b6dd940bc76864", "block_time": 1703697049, "block_parent": "0x404195c375b2829537284e870834e04955d2ec4165f96638dedf28b288ad0a36"}
{"block_number": 293, "miner_hash": "0xe85979d35212ad38075919c52d9B91e371Ca23eC", "block_hash": "0x68b99fb92d9c91d379d8365c47d21f2976377c7c0c6dbcfe7e0f2893bec64a6f", "block_time": 1703697050, "block_parent": "0x9b69d084b1e4d16a55011c80581c7345d9510fc5ed7e7bdce6b6dd940bc76864"}
{"block_number": 294, "miner_hash": "0xbE3243C54e4073CcAb10d51A08D8aBD6d450b623", "block_hash": "0x32872c69ccb5b5d9b68e657d2838dcfcff81a822f178c449d8a47ad5f0a7912c", "block_time": 1703697051, "block_parent": "0x68b99fb92d9c91d379d8365c47d21f2976377c7c0c6dbcfe7e0f2893bec64a6f"}
{"block_number": 295, "miner_hash": "0xF2B8874A4859cc5B9D4e018b5D5595b9Ed2FcBF2", "block_hash": "0x95eabbac48c4cffd14a3dc5deacffe723af028e417d60f41a5d7e0929688bbec", "block_time": 1703697052, "block_parent": "0x32872c69ccb5b5d9b68e657d2838dcfcff81a822f178c449d8a47ad5f0a7912c"}
{"block_number": 296, "miner_hash": "0xbE3243C54e4073CcAb10d51A08D8aBD6d450b623", "block_hash": "0x6d428cff1404a72644b29d5b299a6aa6a2b1b377947855a284df7842c43eb245", "block_time": 1703697053, "block_parent": "0x95eabbac48c4cffd14a3dc5deacffe723af028e417d60f41a5d7e0929688bbec"}
{"block_number": 297, "miner_hash": "0x3fF96a3597a91C582b6dAdd7D39984282275687C", "block_hash": "0xfbf19548a1608f5b359cd6f581fffc2515904a9173c269c912e917c29d324feb", "block_time": 1703697054, "block_parent": "0x6d428cff1404a72644b29d5b299a6aa6a2b1b377947855a284df7842c43eb245"}
{"block_number": 298, "miner_hash": "0xe85979d35212ad38075919c52d9B91e371Ca23eC", "block_hash": "0x69ea048ceb98403a50c2b4420b57cb325169b8f19cedc529448e6baab634c82d", "block_time": 1703697055, "block_parent": "0xfbf19548a1608f5b359cd6f581fffc2515904a9173c269c912e917c29d324feb"}
{"block_number": 299, "miner_hash": "0xe85979d35212ad38075919c52d9B91e371Ca23eC", "block_hash": "0x040d1c094370d7a7bcb555dbff3ab35a8cd218bf48d2a51728778493364dcb64", "block_time": 1703697056, "block_parent": "0x69ea048ceb98403a50c2b4420b57cb325169b8f19cedc529448e6baab634c82d"}
{"block_number": 300, "miner_hash": "0xe85979d35212ad38075919c52d9B91e371Ca23eC", "block_hash": "0x619bd61413cc21f72735ccb0a1979348d7f1f2962d2a4e70f5e2f5392ce0bcc5", "block_time": 1703697057, "block_parent": "0x040d1c094370d7a7bcb555dbff3ab35a8cd218bf48d2a51728778493364dcb64"}
{"block_number": 301, "miner_hash": "0xE910c76B445e44bD60bE26875649a18c7940582c", "block_hash": "0x02e45662557cc04c2377330d734d5958926c06ac7f20bfa2727fa2013f2ec159", "block_time": 1703697058, "block_parent": "0x619bd61413cc21f72735ccb0a1979348d7f1f2962d2a4e70f5e2f5392ce0bcc5"}
{"block_number": 302, "miner_hash": "0x3fF96a3597a91C582b6dAdd7D39984282275687C", "block_hash": "0x9a7522551eec7f8467b375cc3da17acdd7e61d2bfb927440d31eed804e73df2c", "block_time": 1703697059, "block_parent": "0x02e45662557cc04c2377330d734d5958926c06ac7f20bfa2727fa2013f2ec159"}
{"block_number": 303, "miner_hash": "0xF2B8874A4859cc5B9D4e018b5D5595b9Ed2FcBF2", "block_hash": "0x9a62991a3f6d2e27b8a9b1f85e565d18d3a3e5b34738f703b160773d8303198f", "block_time": 1703697060, "block_parent": "0x9a7522551eec7f8467b375cc3da17acdd7e61d2bfb927440d31eed804e73df2c"}
