{"block_number": 1, "miner_hash": "0xb5bd2E84b4eb68CD4937faF6a8A6a48bC1fa402b", "block_hash": "0x005b1290620a7b402b1b3fe954096958146480600bf954fc6c3a67da725197d4", "block_time": 1702739390, "block_parent": "0x2aebf2c396e1f2ce488f60322482e60e32ea236b40fdbb035ef6f2aa2535d131"}
{"block_number": 2, "miner_hash": "0xb5bd2E84b4eb68CD4937faF6a8A6a48bC1fa402b", "block_hash": "0xd9e1299ac36828c75cff81f43973df3dd0a9bb3a821afd5577eaa735dd62ba91", "block_time": 1702739399, "block_parent": "0x005b1290620a7b402b1b3fe954096958146480600bf954fc6c3a67da725197d4"}
{"block_number": 3, "miner_hash": "0x2371162F66b550ac8C9269339dfb245Bd1CF545E", "block_hash": "0x65090a5afcfeec74892f9ac64bdaffd3bddbf51ff89d107e3f5919d84a1230da", "block_time": 1702739401, "block_parent": "0xa13f6f1dc1517736eafff24b299eb0f9f7a385fed0a286b6230a3999fd637c35"}
{"block_number": 1, "miner_hash": "0xb5bd2E84b4eb68CD4937faF6a8A6a48bC1fa402b", "block_hash": "0x9f9748ce97ca2428aa5b0177eda8f1d1cf9817fb2d37228cbccf3074ea9c9d0d", "block_time": 1702739411, "block_parent": "0x2aebf2c396e1f2ce488f60322482e60e32ea236b40fdbb035ef6f2aa2535d131"}
{"block_number": 2, "miner_hash": "0xb5bd2E84b4eb68CD4937faF6a8A6a48bC1fa402b", "block_hash": "0xc220a3dd834616a45ff39257012f1700446cb396e26f39eaa9110cdfc2bc48ca", "block_time": 1702739419, "block_parent": "0x9f9748ce97ca2428aa5b0177eda8f1d1cf9817fb2d37228cbccf3074ea9c9d0d"}
{"block_number": 1, "miner_hash": "0xb5bd2E84b4eb68CD4937faF6a8A6a48bC1fa402b", "block_hash": "0x6d763309b56e263b92bf53965b95ac2c052e0f6aaf15bec448bb42e2854cf98c", "block_time": 1702739464, "block_parent": "0x2aebf2c396e1f2ce488f60322482e60e32ea236b40fdbb035ef6f2aa2535d131"}
{"block_number": 1, "miner_hash": "0xb5bd2E84b4eb68CD4937faF6a8A6a48bC1fa402b", "block_hash": "0xce165ecc2b54fe8e65d2b00ac3e485a4aeb189951879d1265412a5f89afc1c3c", "block_time": 1702739477, "block_parent": "0x2aebf2c396e1f2ce488f60322482e60e32ea236b40fdbb035ef6f2aa2535d131"}
{"block_number": 2, "miner_hash": "0xb5bd2E84b4eb68CD4937faF6a8A6a48bC1fa402b", "block_hash": "0xf599f76d591b4a6b9670d913a9501d98671900c879db22eb51384110770492dd", "block_time": 1702739478, "block_parent": "0xce165ecc2b54fe8e65d2b00ac3e485a4aeb189951879d1265412a5f89afc1c3c"}
{"block_number": 4, "miner_hash": "0x89eC5Ca8D70aB1366da2a5e63eb6f895Ff75eEe1", "block_hash": "0x080957571165787868b45f41f2ed0385706cdfd008856d7eda8c5a9bc9e67c6f", "block_time": 1702739411, "block_parent": "0x7f22c7f7804dae3fe58405b02c6b030bd488c18fd95c80d3d9251e544d90c6b4"}
{"block_number": 10, "miner_hash": "0x9752275C1A8a43df7F42C05Cb1436f5E1C68E286", "block_hash": "0xbf6537ccfbd2366d5788e8079a71a11ae947821c971f55e519b3dc853d2b5107", "block_time": 1702739434, "block_parent": "0x423fe725dcafd5b32bbdebabdce2938b7d77433b8dc2d48d5927cdf30384fa59"}
{"block_number": 22, "miner_hash": "0x9752275C1A8a43df7F42C05Cb1436f5E1C68E286", "block_hash": "0x17f2a2527f16830cd6bb8290fa687a1c4219ca43cacd7874ce2b91de08cfc7fd", "block_time": 1702739488, "block_parent": "0xe7e5592722d922d2a02124dc5c1bda6b5126ac8803efdc27ddc68272179e3514"}
{"block_number": 24, "miner_hash": "0x9752275C1A8a43df7F42C05Cb1436f5E1C68E286", "block_hash": "0x54396021963a0f288558fc704c6933b38e9041a1aee193c55984139251b52189", "block_time": 1702739490, "block_parent": "0x006986fcafb2d0440a67e10a2d24870a7007e6a8bfecbcfe416e2391dc71927a"}
{"block_number": 25, "miner_hash": "0xb5bd2E84b4eb68CD4937faF6a8A6a48bC1fa402b", "block_hash": "0x448614fd3605f250bb48c66f8f33f0b17338df5ea50aa5370f61939de2e580dc", "block_time": 1702739491, "block_parent": "0x54396021963a0f288558fc704c6933b38e9041a1aee193c55984139251b52189"}
{"block_number": 26, "miner_hash": "0xb5bd2E84b4eb68CD4937faF6a8A6a48bC1fa402b", "block_hash": "0x99ea0beeac0188be8348098732cb85a4fff9a64f4627ca2a45e5277c72edb577", "block_time": 1702739497, "block_parent": "0x448614fd3605f250bb48c66f8f33f0b17338df5ea50aa5370f61939de2e580dc"}
{"block_number": 27, "miner_hash": "0xb5bd2E84b4eb68CD4937faF6a8A6a48bC1fa402b", "block_hash": "0x25819de7c7fc66f536c6b586e1ae44768653079bc29d77124d8c8c8adfe9200e", "block_time": 1702739498, "block_parent": "0x99ea0beeac0188be8348098732cb85a4fff9a64f4627ca2a45e5277c72edb577"}
{"block_number": 34, "miner_hash": "0x937Ad36f04F2Fb09CE37375b60C4B72e5762686e", "block_hash": "0xdb39f4900d453e8d51ea7965eb286dc2472b2efe09f78859b045152603d471aa", "block_time": 1702739495, "block_parent": "0x271b8d69e57d971da605c8715eafda7228533f98bf367f0164231ac835d79afe"}
{"block_number": 37, "miner_hash": "0x937Ad36f04F2Fb09CE37375b60C4B72e5762686e", "block_hash": "0xa92fd49420d94c8d5b3e43cd71b60775b00bfd001d11c1fb52dd173ac7bfec2e", "block_time": 1702739499, "block_parent": "0xf2fd87c0244c994c7e398d96a5f690c3a06bea2a702d2fe679361ec6dd1df1c3"}
{"block_number": 38, "miner_hash": "0x937Ad36f04F2Fb09CE37375b60C4B72e5762686e", "block_hash": "0x6d997ecdd4bce4535a06c689302470ad5b7ffe97ac8680fad767784aa892b3fb", "block_time": 1702739500, "block_parent": "0xa92fd49420d94c8d5b3e43cd71b60775b00bfd001d11c1fb52dd173ac7bfec2e"}
{"block_number": 39, "miner_hash": "0x937Ad36f04F2Fb09CE37375b60C4B72e5762686e", "block_hash": "0x93e38fe63217b245b8a7149b5afa8fb91ec492856923fec326d271f49290b93f", "block_time": 1702739503, "block_parent": "0x6d997ecdd4bce4535a06c689302470ad5b7ffe97ac8680fad767784aa892b3fb"}
{"block_number": 40, "miner_hash": "0x937Ad36f04F2Fb09CE37375b60C4B72e5762686e", "block_hash": "0xfd3517049f9f951094c2bf9e79b53083b34927bb0df056fb8f02560567af0faa", "block_time": 1702739504, "block_parent": "0x93e38fe63217b245b8a7149b5afa8fb91ec492856923fec326d271f49290b93f"}
{"block_number": 41, "miner_hash": "0x89eC5Ca8D70aB1366da2a5e63eb6f895Ff75eEe1", "block_hash": "0x574f1cf1dc5f493fa9f2b42ae729809f803cfa6fe4655f2d6fa42b329b9f0774", "block_time": 1702739505, "block_parent": "0xfd3517049f9f951094c2bf9e79b53083b34927bb0df056fb8f02560567af0faa"}
{"block_number": 42, "miner_hash": "0x89eC5Ca8D70aB1366da2a5e63eb6f895Ff75eEe1", "block_hash": "0x3eeeb12f166b2469b1b39fd6261392c6f4147c8e9714563a7865ff315cd18276", "block_time": 1702739506, "block_parent": "0x574f1cf1dc5f493fa9f2b42ae729809f803cfa6fe4655f2d6fa42b329b9f0774"}
{"block_number": 43, "miner_hash": "0x89eC5Ca8D70aB1366da2a5e63eb6f895Ff75eEe1", "block_hash": "0x77db460ea3f348292cbd94f3ecae42a71e6a8f9ed0cf83ba843387765d5c629d", "block_time": 1702739507, "block_parent": "0x3eeeb12f166b2469b1b39fd6261392c6f4147c8e9714563a7865ff315cd18276"}
{"block_number": 44, "miner_hash": "0xb5bd2E84b4eb68CD4937faF6a8A6a48bC1fa402b", "block_hash": "0x9958c1f339155c0613fc01329c451416f2b785c3166434a1a54ee420c48ee300", "block_time": 1702739508, "block_parent": "0x77db460ea3f348292cbd94f3ecae42a71e6a8f9ed0cf83ba843387765d5c629d"}
{"block_number": 45, "miner_hash": "0xb5bd2E84b4eb68CD4937faF6a8A6a48bC1fa402b", "block_hash": "0xcbd89143c7e6a73afd66c0c80e33e7407542825b6a3b3370607bb304426abdf4", "block_time": 1702739509, "block_parent": "0x9958c1f339155c0613fc01329c451416f2b785c3166434a1a54ee420c48ee300"}
{"block_number": 46, "miner_hash": "0xb5bd2E84b4eb68CD4937faF6a8A6a48bC1fa402b", "block_hash": "0x90c7d21d81470b7a0925e1343c1af659de374a69c90fc5619e475be3558b0a2c", "block_time": 1702739513, "block_parent": "0xcbd89143c7e6a73afd66c0c80e33e7407542825b6a3b3370607bb304426abdf4"}
{"block_number": 47, "miner_hash": "0x9752275C1A8a43df7F42C05Cb1436f5E1C68E286", "block_hash": "0x29f66d1a072b39803f9084c4468a99c2abb9b4e6b85df0ba060fe01d3dca2d67", "block_time": 1702739515, "block_parent": "0x90c7d21d81470b7a0925e1343c1af659de374a69c90fc5619e475be3558b0a2c"}
{"block_number": 48, "miner_hash": "0xb5bd2E84b4eb68CD4937faF6a8A6a48bC1fa402b", "block_hash": "0xf34e969531fc98f4109f9eab1d6958028e5e5038b0c7a6a47c098c77a657fee9", "block_time": 1702739517, "block_parent": "0x29f66d1a072b39803f9084c4468a99c2abb9b4e6b85df0ba060fe01d3dca2d67"}
{"block_number": 49, "miner_hash": "0xb5bd2E84b4eb68CD4937faF6a8A6a48bC1fa402b", "block_hash": "0x2f678271538ba6cb290c7e9ec96830d2e9c1327d0d1ce5eeb8df1de07d97a148", "block_time": 1702739519, "block_parent": "0xf34e969531fc98f4109f9eab1d6958028e5e5038b0c7a6a47c098c77a657fee9"}
{"block_number": 50, "miner_hash": "0xb5bd2E84b4eb68CD4937faF6a8A6a48bC1fa402b", "block_hash": "0x3fac190ebe178ad6771df1d916250aa1778d92af5c12d2bfd98f0dcaae118d72", "block_time": 1702739522, "block_parent": "0x2f678271538ba6cb290c7e9ec96830d2e9c1327d0d1ce5eeb8df1de07d97a148"}
